Code - OSS (1.74.2, undefined, desktop)
Jupyter Extension Version: 2022.10.110.
Python Extension Version: 2022.20.1.
Workspace folder /home/ju/Code
info 00:09:15.391: ZMQ install verified.
error 00:09:15.797: Failure during activation. [Error: Extension 'ms-toolsai.jupyter' CANNOT use API proposal: notebookCellExecutionState.
Its package.json#enabledApiProposals-property declares:  but NOT notebookCellExecutionState.
 The missing proposal MUST be added and you must start in extension development mode or use the following command line switch: --enable-proposed-api ms-toolsai.jupyter
	at m (/usr/lib/code/out/vs/workbench/api/node/extensionHostProcess.js:90:43999)
	at d.onDidChangeNotebookCellExecutionState (/usr/lib/code/out/vs/workbench/api/node/extensionHostProcess.js:115:51550)
	at new S (/home/ju/.vscode-oss/extensions/ms-toolsai.jupyter-2022.10.110-universal/out/extension.node.js:17:207218)
	at t.resolveInstance (/home/ju/.vscode-oss/extensions/ms-toolsai.jupyter-2022.10.110-universal/out/extension.node.js:17:1297910)
	at /home/ju/.vscode-oss/extensions/ms-toolsai.jupyter-2022.10.110-universal/out/extension.node.js:17:1299848
	at /home/ju/.vscode-oss/extensions/ms-toolsai.jupyter-2022.10.110-universal/out/extension.node.js:17:1298766
	at Array.map (<anonymous>)
	at /home/ju/.vscode-oss/extensions/ms-toolsai.jupyter-2022.10.110-universal/out/extension.node.js:17:1298738
	at Array.map (<anonymous>)
	at t.resolveInstance (/home/ju/.vscode-oss/extensions/ms-toolsai.jupyter-2022.10.110-universal/out/extension.node.js:17:1297684)
	at /home/ju/.vscode-oss/extensions/ms-toolsai.jupyter-2022.10.110-universal/out/extension.node.js:17:1299848
	at t.resolve (/home/ju/.vscode-oss/extensions/ms-toolsai.jupyter-2022.10.110-universal/out/extension.node.js:17:1300111)
	at /home/ju/.vscode-oss/extensions/ms-toolsai.jupyter-2022.10.110-universal/out/extension.node.js:17:1283524
	at e._get (/home/ju/.vscode-oss/extensions/ms-toolsai.jupyter-2022.10.110-universal/out/extension.node.js:17:1283290)
	at e.get (/home/ju/.vscode-oss/extensions/ms-toolsai.jupyter-2022.10.110-universal/out/extension.node.js:17:1281933)
	at a.get (/home/ju/.vscode-oss/extensions/ms-toolsai.jupyter-2022.10.110-universal/out/extension.node.js:17:50621)
	at /home/ju/.vscode-oss/extensions/ms-toolsai.jupyter-2022.10.110-universal/out/extension.node.js:2:4923
	at process.processTicksAndRejections (node:internal/process/task_queues:96:5)]
error 00:09:15.818: sendStartupTelemetry() failed. [Error: Extension 'ms-toolsai.jupyter' CANNOT use API proposal: notebookCellExecutionState.
Its package.json#enabledApiProposals-property declares:  but NOT notebookCellExecutionState.
 The missing proposal MUST be added and you must start in extension development mode or use the following command line switch: --enable-proposed-api ms-toolsai.jupyter
	at m (/usr/lib/code/out/vs/workbench/api/node/extensionHostProcess.js:90:43999)
	at d.onDidChangeNotebookCellExecutionState (/usr/lib/code/out/vs/workbench/api/node/extensionHostProcess.js:115:51550)
	at new S (/home/ju/.vscode-oss/extensions/ms-toolsai.jupyter-2022.10.110-universal/out/extension.node.js:17:207218)
	at t.resolveInstance (/home/ju/.vscode-oss/extensions/ms-toolsai.jupyter-2022.10.110-universal/out/extension.node.js:17:1297910)
	at /home/ju/.vscode-oss/extensions/ms-toolsai.jupyter-2022.10.110-universal/out/extension.node.js:17:1299848
	at /home/ju/.vscode-oss/extensions/ms-toolsai.jupyter-2022.10.110-universal/out/extension.node.js:17:1298766
	at Array.map (<anonymous>)
	at /home/ju/.vscode-oss/extensions/ms-toolsai.jupyter-2022.10.110-universal/out/extension.node.js:17:1298738
	at Array.map (<anonymous>)
	at t.resolveInstance (/home/ju/.vscode-oss/extensions/ms-toolsai.jupyter-2022.10.110-universal/out/extension.node.js:17:1297684)
	at /home/ju/.vscode-oss/extensions/ms-toolsai.jupyter-2022.10.110-universal/out/extension.node.js:17:1299848
	at t.resolve (/home/ju/.vscode-oss/extensions/ms-toolsai.jupyter-2022.10.110-universal/out/extension.node.js:17:1300111)
	at /home/ju/.vscode-oss/extensions/ms-toolsai.jupyter-2022.10.110-universal/out/extension.node.js:17:1283524
	at e._get (/home/ju/.vscode-oss/extensions/ms-toolsai.jupyter-2022.10.110-universal/out/extension.node.js:17:1283290)
	at e.get (/home/ju/.vscode-oss/extensions/ms-toolsai.jupyter-2022.10.110-universal/out/extension.node.js:17:1281933)
	at a.get (/home/ju/.vscode-oss/extensions/ms-toolsai.jupyter-2022.10.110-universal/out/extension.node.js:17:50621)
	at /home/ju/.vscode-oss/extensions/ms-toolsai.jupyter-2022.10.110-universal/out/extension.node.js:2:4923
	at process.processTicksAndRejections (node:internal/process/task_queues:96:5)]
error 00:09:15.818: extension activation failed [Error: Extension 'ms-toolsai.jupyter' CANNOT use API proposal: notebookCellExecutionState.
Its package.json#enabledApiProposals-property declares:  but NOT notebookCellExecutionState.
 The missing proposal MUST be added and you must start in extension development mode or use the following command line switch: --enable-proposed-api ms-toolsai.jupyter
	at m (/usr/lib/code/out/vs/workbench/api/node/extensionHostProcess.js:90:43999)
	at d.onDidChangeNotebookCellExecutionState (/usr/lib/code/out/vs/workbench/api/node/extensionHostProcess.js:115:51550)
	at new S (/home/ju/.vscode-oss/extensions/ms-toolsai.jupyter-2022.10.110-universal/out/extension.node.js:17:207218)
	at t.resolveInstance (/home/ju/.vscode-oss/extensions/ms-toolsai.jupyter-2022.10.110-universal/out/extension.node.js:17:1297910)
	at /home/ju/.vscode-oss/extensions/ms-toolsai.jupyter-2022.10.110-universal/out/extension.node.js:17:1299848
	at /home/ju/.vscode-oss/extensions/ms-toolsai.jupyter-2022.10.110-universal/out/extension.node.js:17:1298766
	at Array.map (<anonymous>)
	at /home/ju/.vscode-oss/extensions/ms-toolsai.jupyter-2022.10.110-universal/out/extension.node.js:17:1298738
	at Array.map (<anonymous>)
	at t.resolveInstance (/home/ju/.vscode-oss/extensions/ms-toolsai.jupyter-2022.10.110-universal/out/extension.node.js:17:1297684)
	at /home/ju/.vscode-oss/extensions/ms-toolsai.jupyter-2022.10.110-universal/out/extension.node.js:17:1299848
	at t.resolve (/home/ju/.vscode-oss/extensions/ms-toolsai.jupyter-2022.10.110-universal/out/extension.node.js:17:1300111)
	at /home/ju/.vscode-oss/extensions/ms-toolsai.jupyter-2022.10.110-universal/out/extension.node.js:17:1283524
	at e._get (/home/ju/.vscode-oss/extensions/ms-toolsai.jupyter-2022.10.110-universal/out/extension.node.js:17:1283290)
	at e.get (/home/ju/.vscode-oss/extensions/ms-toolsai.jupyter-2022.10.110-universal/out/extension.node.js:17:1281933)
	at a.get (/home/ju/.vscode-oss/extensions/ms-toolsai.jupyter-2022.10.110-universal/out/extension.node.js:17:50621)
	at /home/ju/.vscode-oss/extensions/ms-toolsai.jupyter-2022.10.110-universal/out/extension.node.js:2:4923
	at process.processTicksAndRejections (node:internal/process/task_queues:96:5)]
error 00:09:15.824: Failed to active the Jupyter Extension [Error: Extension 'ms-toolsai.jupyter' CANNOT use API proposal: notebookCellExecutionState.
Its package.json#enabledApiProposals-property declares:  but NOT notebookCellExecutionState.
 The missing proposal MUST be added and you must start in extension development mode or use the following command line switch: --enable-proposed-api ms-toolsai.jupyter
	at m (/usr/lib/code/out/vs/workbench/api/node/extensionHostProcess.js:90:43999)
	at d.onDidChangeNotebookCellExecutionState (/usr/lib/code/out/vs/workbench/api/node/extensionHostProcess.js:115:51550)
	at new S (/home/ju/.vscode-oss/extensions/ms-toolsai.jupyter-2022.10.110-universal/out/extension.node.js:17:207218)
	at t.resolveInstance (/home/ju/.vscode-oss/extensions/ms-toolsai.jupyter-2022.10.110-universal/out/extension.node.js:17:1297910)
	at /home/ju/.vscode-oss/extensions/ms-toolsai.jupyter-2022.10.110-universal/out/extension.node.js:17:1299848
	at /home/ju/.vscode-oss/extensions/ms-toolsai.jupyter-2022.10.110-universal/out/extension.node.js:17:1298766
	at Array.map (<anonymous>)
	at /home/ju/.vscode-oss/extensions/ms-toolsai.jupyter-2022.10.110-universal/out/extension.node.js:17:1298738
	at Array.map (<anonymous>)
	at t.resolveInstance (/home/ju/.vscode-oss/extensions/ms-toolsai.jupyter-2022.10.110-universal/out/extension.node.js:17:1297684)
	at /home/ju/.vscode-oss/extensions/ms-toolsai.jupyter-2022.10.110-universal/out/extension.node.js:17:1299848
	at t.resolve (/home/ju/.vscode-oss/extensions/ms-toolsai.jupyter-2022.10.110-universal/out/extension.node.js:17:1300111)
	at /home/ju/.vscode-oss/extensions/ms-toolsai.jupyter-2022.10.110-universal/out/extension.node.js:17:1283524
	at e._get (/home/ju/.vscode-oss/extensions/ms-toolsai.jupyter-2022.10.110-universal/out/extension.node.js:17:1283290)
	at e.get (/home/ju/.vscode-oss/extensions/ms-toolsai.jupyter-2022.10.110-universal/out/extension.node.js:17:1281933)
	at a.get (/home/ju/.vscode-oss/extensions/ms-toolsai.jupyter-2022.10.110-universal/out/extension.node.js:17:50621)
	at /home/ju/.vscode-oss/extensions/ms-toolsai.jupyter-2022.10.110-universal/out/extension.node.js:2:4923
	at process.processTicksAndRejections (node:internal/process/task_queues:96:5)]
error 00:09:15.828: Failed activating the python extension:  [Error: Extension 'ms-python.python' CANNOT use API proposal: telemetryLogger.
Its package.json#enabledApiProposals-property declares:  but NOT telemetryLogger.
 The missing proposal MUST be added and you must start in extension development mode or use the following command line switch: --enable-proposed-api ms-python.python
	at m (/usr/lib/code/out/vs/workbench/api/node/extensionHostProcess.js:90:43999)
	at Object.createTelemetryLogger (/usr/lib/code/out/vs/workbench/api/node/extensionHostProcess.js:115:31959)
	at new t.BaseTelemetryReporter (/home/ju/.vscode-oss/extensions/ms-python.python-2022.20.1-universal/out/client/extension.js:2:1130142)
	at new h (/home/ju/.vscode-oss/extensions/ms-python.python-2022.20.1-universal/out/client/extension.js:2:1135280)
	at /home/ju/.vscode-oss/extensions/ms-python.python-2022.20.1-universal/out/client/extension.js:2:695634
	at c (/home/ju/.vscode-oss/extensions/ms-python.python-2022.20.1-universal/out/client/extension.js:2:695710)
	at y.activate (/home/ju/.vscode-oss/extensions/ms-python.python-2022.20.1-universal/out/client/extension.js:2:157356)
	at process.processTicksAndRejections (node:internal/process/task_queues:96:5)
	at async /home/ju/.vscode-oss/extensions/ms-python.python-2022.20.1-universal/out/client/extension.js:2:3096130
	at async e (/home/ju/.vscode-oss/extensions/ms-python.python-2022.20.1-universal/out/client/extension.js:2:3095744)
	at async v.n (/usr/lib/code/out/vs/workbench/api/node/extensionHostProcess.js:92:7006)
	at async v.m (/usr/lib/code/out/vs/workbench/api/node/extensionHostProcess.js:92:6969)
	at async v.l (/usr/lib/code/out/vs/workbench/api/node/extensionHostProcess.js:92:6426)] {
  message: "Activating extension 'ms-python.python' failed: Extension 'ms-python.python' CANNOT use API proposal: telemetryLogger.\n" +
    'Its package.json#enabledApiProposals-property declares:  but NOT telemetryLogger.\n' +
    ' The missing proposal MUST be added and you must start in extension development mode or use the following command line switch: --enable-proposed-api ms-python.python.'
}
info 00:11:23.429: Shutting down notebooks for fe08f705-b665-463b-9848-e631173db8a1
info 00:11:23.429: Disposing HostJupyterExecution d31b287b-64fb-43c3-9202-0fa182a3a873
info 00:11:23.429: Disposing super HostJupyterExecution d31b287b-64fb-43c3-9202-0fa182a3a873
info 00:11:23.429: Disposing HostJupyterExecution d31b287b-64fb-43c3-9202-0fa182a3a873
info 00:11:23.429: Finished disposing HostJupyterExecution  d31b287b-64fb-43c3-9202-0fa182a3a873
info 00:11:23.429: Cleaning up server cache d31b287b-64fb-43c3-9202-0fa182a3a873
info 00:11:23.429: Finished disposing HostJupyterExecution  d31b287b-64fb-43c3-9202-0fa182a3a873
