2023-02-03 22:24:16.919 [info] Added views:workbench.panel.markers.view in workbench.panel.markers
2023-02-03 22:24:16.919 [info] Added views:workbench.panel.output in workbench.panel.output
2023-02-03 22:24:16.919 [info] Added views:terminal in terminal
2023-02-03 22:24:16.919 [info] Added views:outline in workbench.view.explorer
2023-02-03 22:24:16.919 [info] Added views:workbench.scm in workbench.view.scm
2023-02-03 22:24:16.919 [info] Added views:workbench.view.search in workbench.view.search
2023-02-03 22:24:16.919 [info] Added views:timeline in workbench.view.explorer
2023-02-03 22:24:16.919 [info] Added views:workbench.explorer.fileView in workbench.view.explorer
2023-02-03 22:24:17.600 [info] Added views:workbench.debug.welcome in workbench.view.debug
2023-02-03 22:24:18.935 [info] Added views:workbench.panel.repl.view in workbench.panel.repl
2023-02-03 22:25:47.646 [info] Added views:workbench.views.extensions.installed,workbench.views.extensions.popular,extensions.recommendedList in workbench.view.extensions
2023-02-03 22:25:47.649 [info] Removed views:workbench.views.extensions.popular from workbench.view.extensions
2023-02-03 22:25:48.200 [info] Removed views:extensions.recommendedList,workbench.views.extensions.installed from workbench.view.extensions
2023-02-03 22:25:48.219 [info] Added views:workbench.views.extensions.marketplace in workbench.view.extensions
2023-02-03 22:25:59.695 [info] Removed views:workbench.views.extensions.marketplace from workbench.view.extensions
2023-02-03 22:25:59.699 [info] Added views:workbench.views.extensions.installed,extensions.recommendedList in workbench.view.extensions
2023-02-03 22:30:58.860 [info] Added views:workbench.panel.markers.view in workbench.panel.markers
2023-02-03 22:30:58.860 [info] Added views:workbench.panel.output in workbench.panel.output
2023-02-03 22:30:58.860 [info] Added views:terminal in terminal
2023-02-03 22:30:58.860 [info] Added views:outline in workbench.view.explorer
2023-02-03 22:30:58.860 [info] Added views:workbench.scm in workbench.view.scm
2023-02-03 22:30:58.860 [info] Added views:workbench.view.search in workbench.view.search
2023-02-03 22:30:58.860 [info] Added views:timeline in workbench.view.explorer
2023-02-03 22:30:58.860 [info] Added views:workbench.explorer.fileView in workbench.view.explorer
2023-02-03 22:30:59.318 [info] Added views:workbench.debug.welcome in workbench.view.debug
2023-02-03 22:30:59.616 [info] Added views:workbench.panel.repl.view in workbench.panel.repl
2023-02-03 22:31:00.196 [info] Added views:workbench.views.extensions.installed,extensions.recommendedList in workbench.view.extensions
2023-02-03 22:32:23.264 [info] Added views:workbench.panel.markers.view in workbench.panel.markers
2023-02-03 22:32:23.264 [info] Added views:workbench.panel.output in workbench.panel.output
2023-02-03 22:32:23.264 [info] Added views:terminal in terminal
2023-02-03 22:32:23.264 [info] Added views:outline in workbench.view.explorer
2023-02-03 22:32:23.264 [info] Added views:workbench.scm in workbench.view.scm
2023-02-03 22:32:23.264 [info] Added views:workbench.view.search in workbench.view.search
2023-02-03 22:32:23.264 [info] Added views:timeline in workbench.view.explorer
2023-02-03 22:32:23.264 [info] Added views:workbench.explorer.fileView in workbench.view.explorer
2023-02-03 22:32:23.580 [info] Added views:workbench.debug.welcome in workbench.view.debug
2023-02-03 22:32:23.942 [info] Added views:workbench.panel.repl.view in workbench.panel.repl
