2022-12-25 00:08:42.090 [info] Added views:workbench.panel.markers.view in workbench.panel.markers
2022-12-25 00:08:42.090 [info] Added views:workbench.panel.output in workbench.panel.output
2022-12-25 00:08:42.090 [info] Added views:terminal in terminal
2022-12-25 00:08:42.090 [info] Added views:outline in workbench.view.explorer
2022-12-25 00:08:42.090 [info] Added views:workbench.scm in workbench.view.scm
2022-12-25 00:08:42.090 [info] Added views:workbench.view.search in workbench.view.search
2022-12-25 00:08:42.090 [info] Added views:timeline in workbench.view.explorer
2022-12-25 00:08:42.090 [info] Added views:workbench.explorer.emptyView in workbench.view.explorer
2022-12-25 00:08:42.090 [info] Added views:workbench.debug.welcome in workbench.view.debug
2022-12-25 00:08:42.509 [info] Added views:jupyterViewVariables in workbench.view.extension.jupyter-variables
2022-12-25 00:08:42.510 [info] Added views:cell-tag in workbench.view.extension.jupyter
2022-12-25 00:08:43.147 [info] Added views:workbench.panel.repl.view in workbench.panel.repl
2022-12-25 00:09:03.556 [info] Added views:workbench.panel.markers.view in workbench.panel.markers
2022-12-25 00:09:03.556 [info] Added views:workbench.panel.output in workbench.panel.output
2022-12-25 00:09:03.556 [info] Added views:terminal in terminal
2022-12-25 00:09:03.556 [info] Added views:outline in workbench.view.explorer
2022-12-25 00:09:03.556 [info] Added views:workbench.scm in workbench.view.scm
2022-12-25 00:09:03.556 [info] Added views:workbench.view.search in workbench.view.search
2022-12-25 00:09:03.556 [info] Added views:timeline in workbench.view.explorer
2022-12-25 00:09:03.556 [info] Added views:workbench.explorer.fileView in workbench.view.explorer
2022-12-25 00:09:03.556 [info] Added views:workbench.debug.variablesView,workbench.debug.watchExpressionsView,workbench.debug.callStackView,workbench.debug.breakPointsView in workbench.view.debug
2022-12-25 00:09:03.942 [info] Added views:jupyterViewVariables in workbench.view.extension.jupyter-variables
2022-12-25 00:09:04.460 [info] Added views:workbench.panel.repl.view in workbench.panel.repl
2022-12-25 00:09:04.461 [info] Removed views:workbench.debug.breakPointsView,workbench.debug.callStackView,workbench.debug.watchExpressionsView,workbench.debug.variablesView from workbench.view.debug
2022-12-25 00:09:04.462 [info] Added views:workbench.debug.welcome in workbench.view.debug
2022-12-25 00:09:07.231 [info] Added views:cell-tag in workbench.view.extension.jupyter
2022-12-25 00:09:42.138 [info] Added views:workbench.views.extensions.installed,workbench.views.extensions.popular,extensions.recommendedList in workbench.view.extensions
2022-12-25 00:09:42.141 [info] Removed views:workbench.views.extensions.popular from workbench.view.extensions
2022-12-25 00:09:44.842 [info] Removed views:extensions.recommendedList,workbench.views.extensions.installed from workbench.view.extensions
2022-12-25 00:09:44.850 [info] Added views:workbench.views.extensions.marketplace in workbench.view.extensions
