LSP Notebooks experiment is enabled
LSP Notebooks interactive window support is enabled
> conda info --json
> python -c "import sys;print(sys.executable)"
> /usr/bin/python ~/.vscode/extensions/ms-python.python-2022.20.1/pythonFiles/get_output_via_markers.py ~/.vscode/extensions/ms-python.python-2022.20.1/pythonFiles/interpreterInfo.py
> /bin/python ~/.vscode/extensions/ms-python.python-2022.20.1/pythonFiles/get_output_via_markers.py ~/.vscode/extensions/ms-python.python-2022.20.1/pythonFiles/interpreterInfo.py
> /sbin/python ~/.vscode/extensions/ms-python.python-2022.20.1/pythonFiles/get_output_via_markers.py ~/.vscode/extensions/ms-python.python-2022.20.1/pythonFiles/interpreterInfo.py
> /usr/sbin/python ~/.vscode/extensions/ms-python.python-2022.20.1/pythonFiles/get_output_via_markers.py ~/.vscode/extensions/ms-python.python-2022.20.1/pythonFiles/interpreterInfo.py
Pfad zum Python-Interpreter: /bin/python
Starten des Pylance-Sprachservers.
Send text to terminal: /bin/python /home/ju/Code/ytdl.py
Send text to terminal: /bin/python /home/ju/Code/ytdl.py
Send text to terminal: /bin/python /home/ju/Code/ytdl.py
Send text to terminal: /bin/python /home/ju/Code/ytdl.py
Send text to terminal: /bin/python /home/ju/Code/ytdl.py
Send text to terminal: /bin/python /home/ju/Code/ytdl.py
Send text to terminal: /bin/python /home/ju/Code/ytdl.py
Send text to terminal: /bin/python /home/ju/Code/ytdl.py
Send text to terminal: /bin/python /home/ju/Code/ytdl.py
Send text to terminal: /bin/python /home/ju/Code/ytdl.py
Send text to terminal: /bin/python /home/ju/Code/ytdl.py
Send text to terminal: /bin/python /home/ju/Code/ytdl.py
Send text to terminal: /bin/python /home/ju/Code/ytdl.py
Send text to terminal: /bin/python /home/ju/Code/ytdl.py
Send text to terminal: /bin/python /home/ju/Code/ytdl.py
Send text to terminal: /bin/python /home/ju/Code/ytdl.py
Send text to terminal: /bin/python /home/ju/Code/ytdl.py
Send text to terminal: /bin/python /home/ju/Code/ytdl.py
