2022-12-25 00:19:52.296 [info] Added views:workbench.panel.markers.view in workbench.panel.markers
2022-12-25 00:19:52.296 [info] Added views:workbench.panel.output in workbench.panel.output
2022-12-25 00:19:52.296 [info] Added views:terminal in terminal
2022-12-25 00:19:52.296 [info] Added views:outline in workbench.view.explorer
2022-12-25 00:19:52.296 [info] Added views:workbench.scm in workbench.view.scm
2022-12-25 00:19:52.296 [info] Added views:workbench.view.search in workbench.view.search
2022-12-25 00:19:52.296 [info] Added views:timeline in workbench.view.explorer
2022-12-25 00:19:52.296 [info] Added views:workbench.explorer.emptyView in workbench.view.explorer
2022-12-25 00:19:52.296 [info] Added views:workbench.debug.variablesView,workbench.debug.watchExpressionsView,workbench.debug.callStackView,workbench.debug.breakPointsView in workbench.view.debug
2022-12-25 00:19:54.009 [info] Added views:workbench.panel.repl.view in workbench.panel.repl
2022-12-25 00:19:54.023 [info] Removed views:workbench.debug.breakPointsView,workbench.debug.callStackView,workbench.debug.watchExpressionsView,workbench.debug.variablesView from workbench.view.debug
2022-12-25 00:19:54.031 [info] Added views:workbench.debug.welcome in workbench.view.debug
2022-12-25 00:20:10.589 [info] Added views:workbench.panel.markers.view in workbench.panel.markers
2022-12-25 00:20:10.589 [info] Added views:workbench.panel.output in workbench.panel.output
2022-12-25 00:20:10.589 [info] Added views:terminal in terminal
2022-12-25 00:20:10.589 [info] Added views:outline in workbench.view.explorer
2022-12-25 00:20:10.589 [info] Added views:workbench.scm in workbench.view.scm
2022-12-25 00:20:10.589 [info] Added views:workbench.view.search in workbench.view.search
2022-12-25 00:20:10.589 [info] Added views:timeline in workbench.view.explorer
2022-12-25 00:20:10.589 [info] Added views:workbench.explorer.fileView in workbench.view.explorer
2022-12-25 00:20:10.589 [info] Added views:workbench.debug.variablesView,workbench.debug.watchExpressionsView,workbench.debug.callStackView,workbench.debug.breakPointsView in workbench.view.debug
2022-12-25 00:20:11.587 [info] Added views:workbench.panel.repl.view in workbench.panel.repl
2022-12-25 00:20:11.588 [info] Removed views:workbench.debug.breakPointsView,workbench.debug.callStackView,workbench.debug.watchExpressionsView,workbench.debug.variablesView from workbench.view.debug
2022-12-25 00:20:11.589 [info] Added views:workbench.debug.welcome in workbench.view.debug
2022-12-25 00:20:16.442 [info] Added views:workbench.views.extensions.installed,workbench.views.extensions.popular,extensions.recommendedList in workbench.view.extensions
2022-12-25 00:20:16.443 [info] Removed views:workbench.views.extensions.popular from workbench.view.extensions
2022-12-25 00:20:16.842 [info] Added views:workbench.views.extensions.popular in workbench.view.extensions
2022-12-25 00:20:17.076 [info] Removed views:extensions.recommendedList,workbench.views.extensions.popular,workbench.views.extensions.installed from workbench.view.extensions
2022-12-25 00:20:17.087 [info] Added views:workbench.views.extensions.marketplace in workbench.view.extensions
