Visual Studio Code (1.74.2, undefined, desktop)
Jupyter Extension Version: 2022.11.1003412109.
Python Extension Version: 2022.20.1.
Workspace folder /home/ju/Code
info 02:39:55.907: ZMQ install verified.
Der Benutzer gehört der Experimentgruppe „jupyterTest“ an.
Der Benutzer gehört der Experimentgruppe „jupyterEnhancedDataViewer“ an.
info 02:39:56.549: LSP Notebooks experiment is enabled
info 02:39:57.027: Got empty env vars with python /bin/python in 263ms
info 02:39:57.033: Process Execution: > /bin/python -m pip list
> /bin/python -m pip list
info 02:39:57.081: Process Execution: > /bin/python -c "import pip"
> /bin/python -c "import pip"
error 02:39:57.197: interpreterPackages getPackageInformation, Class name = r, completed in 433ms, has a falsy return value, Arg 1: {"interpreter":{"id":"/bin/python","sysPrefix":"/usr","displayPath":{"$mid":1,"path":"/bin/python","scheme":"file"},"envName":"","uri":{"$mid":1,"fsPath":"/bin/python","external":"file:///bin/python","path":"/bin/python","scheme":"file"},"displayName":"","envType":"Unknown","version":{"major":3,"minor":10,"patch":9,"raw":"3.10.9 (main, Dec 19 2022, 17:35:49) [GCC 12.2.0]"}}} [i [Error]: Module 'pip' not installed.
	at l.execModule (/home/ju/.vscode/extensions/ms-toolsai.jupyter-2022.11.1003412109/out/extension.node.js:7:82791)
	at async r.getPackageInformation (/home/ju/.vscode/extensions/ms-toolsai.jupyter-2022.11.1003412109/out/extension.node.js:17:42188)] {
  category: 'notinstalled',
  moduleName: 'pip'
}
info 02:39:59.587: Shutting down notebooks for eaf170a1-1dd4-41cb-b1c1-10926397b0d0
info 02:39:59.587: Disposing HostJupyterExecution 59917411-e0c8-4493-80c0-439d17b57d81
info 02:39:59.587: Disposing super HostJupyterExecution 59917411-e0c8-4493-80c0-439d17b57d81
info 02:39:59.587: Disposing HostJupyterExecution 59917411-e0c8-4493-80c0-439d17b57d81
info 02:39:59.587: Finished disposing HostJupyterExecution  59917411-e0c8-4493-80c0-439d17b57d81
info 02:39:59.593: Cleaning up server cache 59917411-e0c8-4493-80c0-439d17b57d81
info 02:39:59.593: Finished disposing HostJupyterExecution  59917411-e0c8-4493-80c0-439d17b57d81
