2023-01-14 15:19:29.372 [info] Added views:workbench.panel.markers.view in workbench.panel.markers
2023-01-14 15:19:29.372 [info] Added views:workbench.panel.output in workbench.panel.output
2023-01-14 15:19:29.372 [info] Added views:terminal in terminal
2023-01-14 15:19:29.372 [info] Added views:outline in workbench.view.explorer
2023-01-14 15:19:29.372 [info] Added views:workbench.scm in workbench.view.scm
2023-01-14 15:19:29.372 [info] Added views:workbench.view.search in workbench.view.search
2023-01-14 15:19:29.372 [info] Added views:timeline in workbench.view.explorer
2023-01-14 15:19:29.372 [info] Added views:workbench.explorer.fileView in workbench.view.explorer
2023-01-14 15:19:29.372 [info] Added views:workbench.debug.welcome in workbench.view.debug
2023-01-14 15:19:29.823 [info] Added views:cell-tag in workbench.view.extension.jupyter
2023-01-14 15:19:30.385 [info] Added views:workbench.panel.repl.view in workbench.panel.repl
2023-01-14 15:20:04.237 [info] Added views:workbench.panel.markers.view in workbench.panel.markers
2023-01-14 15:20:04.237 [info] Added views:workbench.panel.output in workbench.panel.output
2023-01-14 15:20:04.237 [info] Added views:terminal in terminal
2023-01-14 15:20:04.237 [info] Added views:outline in workbench.view.explorer
2023-01-14 15:20:04.237 [info] Added views:workbench.scm in workbench.view.scm
2023-01-14 15:20:04.237 [info] Added views:workbench.view.search in workbench.view.search
2023-01-14 15:20:04.237 [info] Added views:timeline in workbench.view.explorer
2023-01-14 15:20:04.237 [info] Added views:workbench.explorer.fileView in workbench.view.explorer
2023-01-14 15:20:04.362 [info] Added views:workbench.debug.welcome in workbench.view.debug
2023-01-14 15:20:04.767 [info] Added views:cell-tag in workbench.view.extension.jupyter
2023-01-14 15:20:05.315 [info] Added views:workbench.panel.repl.view in workbench.panel.repl
2023-01-14 15:20:07.036 [info] Added views:workbench.view.testing in workbench.view.extension.test
2023-01-14 16:43:30.502 [info] Removed views:workbench.view.testing from workbench.view.extension.test
