2023-01-16 20:33:44.634 [info] Extension host with pid 1848043 started
2023-01-16 20:33:44.634 [info] Skipping acquiring lock for /home/ju/.config/Code/User/workspaceStorage/18a029b96a749a49f452efe9bcd18f2d.
2023-01-16 20:33:44.742 [info] ExtensionService#_doActivateExtension batisteo.vscode-django, startup: false, activationEvent: 'onLanguage:python'
2023-01-16 20:33:44.742 [info] ExtensionService#_doActivateExtension ms-python.python, startup: false, activationEvent: 'onLanguage:python', root cause: ms-python.isort
2023-01-16 20:33:44.742 [info] ExtensionService#_doActivateExtension ms-toolsai.jupyter, startup: false, activationEvent: 'onLanguage:python'
2023-01-16 20:33:44.743 [info] ExtensionService#_doActivateExtension vscode.microsoft-authentication, startup: false, activationEvent: 'onAuthenticationRequest:microsoft'
2023-01-16 20:33:44.743 [info] ExtensionService#_doActivateExtension vscode.git-base, startup: true, activationEvent: '*', root cause: vscode.git
2023-01-16 20:33:44.743 [info] ExtensionService#_doActivateExtension ecmel.vscode-html-css, startup: true, activationEvent: '*'
2023-01-16 20:33:46.107 [info] ExtensionService#_doActivateExtension ms-toolsai.jupyter-renderers, startup: false, activationEvent: 'api', root cause: ms-toolsai.jupyter
2023-01-16 20:33:46.304 [info] ExtensionService#_doActivateExtension vscode.git, startup: true, activationEvent: '*'
2023-01-16 20:33:46.304 [info] ExtensionService#_doActivateExtension vscode.github, startup: true, activationEvent: '*'
2023-01-16 20:33:46.304 [info] ExtensionService#_doActivateExtension ms-python.isort, startup: false, activationEvent: 'onLanguage:python'
2023-01-16 20:33:46.305 [info] ExtensionService#_doActivateExtension ms-python.vscode-pylance, startup: false, activationEvent: 'onLanguage:python'
2023-01-16 20:33:46.640 [info] ExtensionService#_doActivateExtension vscode.github-authentication, startup: false, activationEvent: 'onAuthenticationRequest:github'
2023-01-16 20:33:46.694 [info] Eager extensions activated
2023-01-16 20:33:46.756 [info] ExtensionService#_doActivateExtension vscode.debug-auto-launch, startup: false, activationEvent: 'onStartupFinished'
2023-01-16 20:33:46.756 [info] ExtensionService#_doActivateExtension vscode.emmet, startup: false, activationEvent: 'onStartupFinished'
2023-01-16 20:33:46.756 [info] ExtensionService#_doActivateExtension vscode.merge-conflict, startup: false, activationEvent: 'onStartupFinished'
2023-01-16 20:41:09.787 [info] ExtensionService#_doActivateExtension vscode.configuration-editing, startup: false, activationEvent: 'onLanguage:jsonc'
2023-01-16 20:41:09.790 [info] ExtensionService#_doActivateExtension vscode.json-language-features, startup: false, activationEvent: 'onLanguage:jsonc'
2023-01-16 20:41:09.790 [info] ExtensionService#_doActivateExtension vscode.typescript-language-features, startup: false, activationEvent: 'onLanguage:jsonc'
2023-01-16 20:41:10.025 [warning] Using default string since no string found in i18n bundle that has the key: Configure
2023-01-16 20:41:10.025 [warning] Using default string since no string found in i18n bundle that has the key: JSON Language Server
2023-01-16 20:41:10.128 [warning] Using default string since no string found in i18n bundle that has the key: JSON: Schema Resolution Error
2023-01-16 20:41:10.309 [warning] Using default string since no string found in i18n bundle that has the key: Unable to resolve schema. Click to retry.
2023-01-16 20:41:10.309 [warning] Using default string since no string found in i18n bundle that has the key: JSON Validation Status
2023-01-16 20:41:10.309 [warning] Using default string since no string found in i18n bundle that has the key: Loading JSON info
2023-01-16 20:41:10.315 [warning] Using default string since no string found in i18n bundle that has the key: No Schema Validation
2023-01-16 20:41:10.315 [warning] Using default string since no string found in i18n bundle that has the key: no JSON schema configured
2023-01-16 20:41:10.315 [warning] Using default string since no string found in i18n bundle that has the key: Show Schemas
2023-01-16 20:41:16.313 [warning] Using default string since no string found in i18n bundle that has the key: Unable to compute used schemas: No document
2023-01-16 20:41:16.315 [warning] Using default string since no string found in i18n bundle that has the key: Loading JSON info
2023-01-16 20:41:16.321 [warning] Using default string since no string found in i18n bundle that has the key: No Schema Validation
2023-01-16 20:41:16.321 [warning] Using default string since no string found in i18n bundle that has the key: no JSON schema configured
2023-01-16 20:41:16.321 [warning] Using default string since no string found in i18n bundle that has the key: Show Schemas
2023-01-16 20:41:19.561 [warning] Using default string since no string found in i18n bundle that has the key: Unable to compute used schemas: No document
2023-01-16 20:41:19.562 [warning] Using default string since no string found in i18n bundle that has the key: Loading JSON info
2023-01-16 20:41:19.567 [warning] Using default string since no string found in i18n bundle that has the key: No Schema Validation
2023-01-16 20:41:19.567 [warning] Using default string since no string found in i18n bundle that has the key: no JSON schema configured
2023-01-16 20:41:19.567 [warning] Using default string since no string found in i18n bundle that has the key: Show Schemas
2023-01-16 20:49:37.442 [warning] Using default string since no string found in i18n bundle that has the key: Unable to compute used schemas: No document
2023-01-16 20:49:37.446 [warning] Using default string since no string found in i18n bundle that has the key: Loading JSON info
2023-01-16 20:49:37.451 [warning] Using default string since no string found in i18n bundle that has the key: No Schema Validation
2023-01-16 20:49:37.451 [warning] Using default string since no string found in i18n bundle that has the key: no JSON schema configured
2023-01-16 20:49:37.451 [warning] Using default string since no string found in i18n bundle that has the key: Show Schemas
2023-01-16 20:49:47.663 [error] [ms-python.python] provider FAILED
2023-01-16 20:49:47.663 [error] Error: name must not be falsy
	at l.validate (/opt/visual-studio-code/resources/app/out/vs/workbench/api/node/extensionHostProcess.js:92:26329)
	at new l (/opt/visual-studio-code/resources/app/out/vs/workbench/api/node/extensionHostProcess.js:92:26624)
	at $ (/home/ju/.vscode/extensions/ms-python.python-2022.20.2/out/client/extension.js:2:2114999)
	at c (/home/ju/.vscode/extensions/ms-python.python-2022.20.2/out/client/extension.js:2:2152184)
	at t.map (/home/ju/.vscode/extensions/ms-python.python-2022.20.2/out/client/extension.js:2:2152270)
	at Object.asDocumentSymbols (/home/ju/.vscode/extensions/ms-python.python-2022.20.2/out/client/extension.js:2:2122817)
	at /home/ju/.vscode/extensions/ms-python.python-2022.20.2/out/client/extension.js:2:2061362
	at async s.provideDocumentSymbols (/opt/visual-studio-code/resources/app/out/vs/workbench/api/node/extensionHostProcess.js:96:32412)
2023-01-16 20:49:48.132 [error] [ms-python.python] provider FAILED
2023-01-16 20:49:48.132 [error] Error: name must not be falsy
	at l.validate (/opt/visual-studio-code/resources/app/out/vs/workbench/api/node/extensionHostProcess.js:92:26329)
	at new l (/opt/visual-studio-code/resources/app/out/vs/workbench/api/node/extensionHostProcess.js:92:26624)
	at $ (/home/ju/.vscode/extensions/ms-python.python-2022.20.2/out/client/extension.js:2:2114999)
	at c (/home/ju/.vscode/extensions/ms-python.python-2022.20.2/out/client/extension.js:2:2152184)
	at t.map (/home/ju/.vscode/extensions/ms-python.python-2022.20.2/out/client/extension.js:2:2152270)
	at Object.asDocumentSymbols (/home/ju/.vscode/extensions/ms-python.python-2022.20.2/out/client/extension.js:2:2122817)
	at /home/ju/.vscode/extensions/ms-python.python-2022.20.2/out/client/extension.js:2:2061362
	at async s.provideDocumentSymbols (/opt/visual-studio-code/resources/app/out/vs/workbench/api/node/extensionHostProcess.js:96:32412)
2023-01-16 20:49:48.899 [error] [ms-python.python] provider FAILED
2023-01-16 20:49:48.899 [error] Error: name must not be falsy
	at l.validate (/opt/visual-studio-code/resources/app/out/vs/workbench/api/node/extensionHostProcess.js:92:26329)
	at new l (/opt/visual-studio-code/resources/app/out/vs/workbench/api/node/extensionHostProcess.js:92:26624)
	at $ (/home/ju/.vscode/extensions/ms-python.python-2022.20.2/out/client/extension.js:2:2114999)
	at c (/home/ju/.vscode/extensions/ms-python.python-2022.20.2/out/client/extension.js:2:2152184)
	at t.map (/home/ju/.vscode/extensions/ms-python.python-2022.20.2/out/client/extension.js:2:2152270)
	at Object.asDocumentSymbols (/home/ju/.vscode/extensions/ms-python.python-2022.20.2/out/client/extension.js:2:2122817)
	at /home/ju/.vscode/extensions/ms-python.python-2022.20.2/out/client/extension.js:2:2061362
	at async s.provideDocumentSymbols (/opt/visual-studio-code/resources/app/out/vs/workbench/api/node/extensionHostProcess.js:96:32412)
2023-01-16 20:49:50.833 [error] [ms-python.python] provider FAILED
2023-01-16 20:49:50.833 [error] Error: name must not be falsy
	at l.validate (/opt/visual-studio-code/resources/app/out/vs/workbench/api/node/extensionHostProcess.js:92:26329)
	at new l (/opt/visual-studio-code/resources/app/out/vs/workbench/api/node/extensionHostProcess.js:92:26624)
	at $ (/home/ju/.vscode/extensions/ms-python.python-2022.20.2/out/client/extension.js:2:2114999)
	at c (/home/ju/.vscode/extensions/ms-python.python-2022.20.2/out/client/extension.js:2:2152184)
	at t.map (/home/ju/.vscode/extensions/ms-python.python-2022.20.2/out/client/extension.js:2:2152270)
	at Object.asDocumentSymbols (/home/ju/.vscode/extensions/ms-python.python-2022.20.2/out/client/extension.js:2:2122817)
	at /home/ju/.vscode/extensions/ms-python.python-2022.20.2/out/client/extension.js:2:2061362
	at async s.provideDocumentSymbols (/opt/visual-studio-code/resources/app/out/vs/workbench/api/node/extensionHostProcess.js:96:32412)
2023-01-16 20:49:52.323 [error] [ms-python.python] provider FAILED
2023-01-16 20:49:52.324 [error] Error: name must not be falsy
	at l.validate (/opt/visual-studio-code/resources/app/out/vs/workbench/api/node/extensionHostProcess.js:92:26329)
	at new l (/opt/visual-studio-code/resources/app/out/vs/workbench/api/node/extensionHostProcess.js:92:26624)
	at $ (/home/ju/.vscode/extensions/ms-python.python-2022.20.2/out/client/extension.js:2:2114999)
	at c (/home/ju/.vscode/extensions/ms-python.python-2022.20.2/out/client/extension.js:2:2152184)
	at t.map (/home/ju/.vscode/extensions/ms-python.python-2022.20.2/out/client/extension.js:2:2152270)
	at Object.asDocumentSymbols (/home/ju/.vscode/extensions/ms-python.python-2022.20.2/out/client/extension.js:2:2122817)
	at /home/ju/.vscode/extensions/ms-python.python-2022.20.2/out/client/extension.js:2:2061362
	at async s.provideDocumentSymbols (/opt/visual-studio-code/resources/app/out/vs/workbench/api/node/extensionHostProcess.js:96:32412)
2023-01-16 20:49:55.701 [error] [ms-python.python] provider FAILED
2023-01-16 20:49:55.701 [error] Error: name must not be falsy
	at l.validate (/opt/visual-studio-code/resources/app/out/vs/workbench/api/node/extensionHostProcess.js:92:26329)
	at new l (/opt/visual-studio-code/resources/app/out/vs/workbench/api/node/extensionHostProcess.js:92:26624)
	at $ (/home/ju/.vscode/extensions/ms-python.python-2022.20.2/out/client/extension.js:2:2114999)
	at c (/home/ju/.vscode/extensions/ms-python.python-2022.20.2/out/client/extension.js:2:2152184)
	at t.map (/home/ju/.vscode/extensions/ms-python.python-2022.20.2/out/client/extension.js:2:2152270)
	at Object.asDocumentSymbols (/home/ju/.vscode/extensions/ms-python.python-2022.20.2/out/client/extension.js:2:2122817)
	at /home/ju/.vscode/extensions/ms-python.python-2022.20.2/out/client/extension.js:2:2061362
	at async s.provideDocumentSymbols (/opt/visual-studio-code/resources/app/out/vs/workbench/api/node/extensionHostProcess.js:96:32412)
2023-01-16 20:49:57.213 [error] [ms-python.python] provider FAILED
2023-01-16 20:49:57.213 [error] Error: name must not be falsy
	at l.validate (/opt/visual-studio-code/resources/app/out/vs/workbench/api/node/extensionHostProcess.js:92:26329)
	at new l (/opt/visual-studio-code/resources/app/out/vs/workbench/api/node/extensionHostProcess.js:92:26624)
	at $ (/home/ju/.vscode/extensions/ms-python.python-2022.20.2/out/client/extension.js:2:2114999)
	at c (/home/ju/.vscode/extensions/ms-python.python-2022.20.2/out/client/extension.js:2:2152184)
	at t.map (/home/ju/.vscode/extensions/ms-python.python-2022.20.2/out/client/extension.js:2:2152270)
	at Object.asDocumentSymbols (/home/ju/.vscode/extensions/ms-python.python-2022.20.2/out/client/extension.js:2:2122817)
	at /home/ju/.vscode/extensions/ms-python.python-2022.20.2/out/client/extension.js:2:2061362
	at async s.provideDocumentSymbols (/opt/visual-studio-code/resources/app/out/vs/workbench/api/node/extensionHostProcess.js:96:32412)
2023-01-16 20:49:59.420 [error] [ms-python.python] provider FAILED
2023-01-16 20:49:59.420 [error] Error: name must not be falsy
	at l.validate (/opt/visual-studio-code/resources/app/out/vs/workbench/api/node/extensionHostProcess.js:92:26329)
	at new l (/opt/visual-studio-code/resources/app/out/vs/workbench/api/node/extensionHostProcess.js:92:26624)
	at $ (/home/ju/.vscode/extensions/ms-python.python-2022.20.2/out/client/extension.js:2:2114999)
	at c (/home/ju/.vscode/extensions/ms-python.python-2022.20.2/out/client/extension.js:2:2152184)
	at t.map (/home/ju/.vscode/extensions/ms-python.python-2022.20.2/out/client/extension.js:2:2152270)
	at Object.asDocumentSymbols (/home/ju/.vscode/extensions/ms-python.python-2022.20.2/out/client/extension.js:2:2122817)
	at /home/ju/.vscode/extensions/ms-python.python-2022.20.2/out/client/extension.js:2:2061362
	at async s.provideDocumentSymbols (/opt/visual-studio-code/resources/app/out/vs/workbench/api/node/extensionHostProcess.js:96:32412)
2023-01-16 20:51:03.178 [warning] Using default string since no string found in i18n bundle that has the key: Unable to compute used schemas: No document
2023-01-16 20:51:03.179 [warning] Using default string since no string found in i18n bundle that has the key: Loading JSON info
2023-01-16 20:51:03.183 [warning] Using default string since no string found in i18n bundle that has the key: No Schema Validation
2023-01-16 20:51:03.183 [warning] Using default string since no string found in i18n bundle that has the key: no JSON schema configured
2023-01-16 20:51:03.183 [warning] Using default string since no string found in i18n bundle that has the key: Show Schemas
2023-01-16 20:52:49.030 [warning] Using default string since no string found in i18n bundle that has the key: Unable to compute used schemas: No document
2023-01-16 20:52:49.063 [warning] Using default string since no string found in i18n bundle that has the key: Loading JSON info
2023-01-16 20:52:49.064 [warning] Using default string since no string found in i18n bundle that has the key: No Schema Validation
2023-01-16 20:52:49.064 [warning] Using default string since no string found in i18n bundle that has the key: no JSON schema configured
2023-01-16 20:52:49.064 [warning] Using default string since no string found in i18n bundle that has the key: Show Schemas
2023-01-16 20:52:49.074 [info] ExtensionService#_doActivateExtension alexcvzz.vscode-sqlite, startup: false, activationEvent: 'onLanguage:db'
2023-01-16 20:52:49.804 [warning] Using default string since no string found in i18n bundle that has the key: Unable to compute used schemas: No document
2023-01-16 20:52:49.805 [warning] Using default string since no string found in i18n bundle that has the key: Loading JSON info
2023-01-16 20:52:49.806 [warning] Using default string since no string found in i18n bundle that has the key: No Schema Validation
2023-01-16 20:52:49.806 [warning] Using default string since no string found in i18n bundle that has the key: no JSON schema configured
2023-01-16 20:52:49.806 [warning] Using default string since no string found in i18n bundle that has the key: Show Schemas
2023-01-16 20:52:54.995 [warning] Using default string since no string found in i18n bundle that has the key: Unable to compute used schemas: No document
2023-01-16 20:52:54.996 [warning] Using default string since no string found in i18n bundle that has the key: Loading JSON info
2023-01-16 20:52:54.997 [warning] Using default string since no string found in i18n bundle that has the key: No Schema Validation
2023-01-16 20:52:54.997 [warning] Using default string since no string found in i18n bundle that has the key: no JSON schema configured
2023-01-16 20:52:54.997 [warning] Using default string since no string found in i18n bundle that has the key: Show Schemas
2023-01-16 20:52:56.548 [warning] Using default string since no string found in i18n bundle that has the key: Unable to compute used schemas: No document
2023-01-16 20:52:56.549 [warning] Using default string since no string found in i18n bundle that has the key: Loading JSON info
2023-01-16 20:52:56.551 [warning] Using default string since no string found in i18n bundle that has the key: No Schema Validation
2023-01-16 20:52:56.551 [warning] Using default string since no string found in i18n bundle that has the key: no JSON schema configured
2023-01-16 20:52:56.551 [warning] Using default string since no string found in i18n bundle that has the key: Show Schemas
2023-01-16 20:54:01.905 [warning] Using default string since no string found in i18n bundle that has the key: Unable to compute used schemas: No document
2023-01-16 20:54:01.905 [warning] Using default string since no string found in i18n bundle that has the key: Loading JSON info
2023-01-16 20:54:01.906 [warning] Using default string since no string found in i18n bundle that has the key: No Schema Validation
2023-01-16 20:54:01.906 [warning] Using default string since no string found in i18n bundle that has the key: no JSON schema configured
2023-01-16 20:54:01.906 [warning] Using default string since no string found in i18n bundle that has the key: Show Schemas
2023-01-16 20:54:37.474 [warning] Using default string since no string found in i18n bundle that has the key: Unable to compute used schemas: No document
2023-01-16 20:54:37.475 [warning] Using default string since no string found in i18n bundle that has the key: Loading JSON info
2023-01-16 20:54:37.479 [warning] Using default string since no string found in i18n bundle that has the key: No Schema Validation
2023-01-16 20:54:37.479 [warning] Using default string since no string found in i18n bundle that has the key: no JSON schema configured
2023-01-16 20:54:37.479 [warning] Using default string since no string found in i18n bundle that has the key: Show Schemas
2023-01-16 20:55:58.838 [error] [ms-python.python] provider FAILED
2023-01-16 20:55:58.838 [error] Error: name must not be falsy
	at l.validate (/opt/visual-studio-code/resources/app/out/vs/workbench/api/node/extensionHostProcess.js:92:26329)
	at new l (/opt/visual-studio-code/resources/app/out/vs/workbench/api/node/extensionHostProcess.js:92:26624)
	at $ (/home/ju/.vscode/extensions/ms-python.python-2022.20.2/out/client/extension.js:2:2114999)
	at c (/home/ju/.vscode/extensions/ms-python.python-2022.20.2/out/client/extension.js:2:2152184)
	at t.map (/home/ju/.vscode/extensions/ms-python.python-2022.20.2/out/client/extension.js:2:2152270)
	at Object.asDocumentSymbols (/home/ju/.vscode/extensions/ms-python.python-2022.20.2/out/client/extension.js:2:2122817)
	at /home/ju/.vscode/extensions/ms-python.python-2022.20.2/out/client/extension.js:2:2061362
	at async s.provideDocumentSymbols (/opt/visual-studio-code/resources/app/out/vs/workbench/api/node/extensionHostProcess.js:96:32412)
2023-01-16 20:56:20.698 [warning] Using default string since no string found in i18n bundle that has the key: Unable to compute used schemas: No document
2023-01-16 20:56:20.699 [warning] Using default string since no string found in i18n bundle that has the key: Loading JSON info
2023-01-16 20:56:20.702 [warning] Using default string since no string found in i18n bundle that has the key: No Schema Validation
2023-01-16 20:56:20.702 [warning] Using default string since no string found in i18n bundle that has the key: no JSON schema configured
2023-01-16 20:56:20.702 [warning] Using default string since no string found in i18n bundle that has the key: Show Schemas
2023-01-16 20:56:26.161 [warning] Using default string since no string found in i18n bundle that has the key: Unable to compute used schemas: No document
2023-01-16 20:56:26.162 [warning] Using default string since no string found in i18n bundle that has the key: Loading JSON info
2023-01-16 20:56:26.165 [warning] Using default string since no string found in i18n bundle that has the key: No Schema Validation
2023-01-16 20:56:26.165 [warning] Using default string since no string found in i18n bundle that has the key: no JSON schema configured
2023-01-16 20:56:26.165 [warning] Using default string since no string found in i18n bundle that has the key: Show Schemas
2023-01-16 20:56:30.157 [warning] Using default string since no string found in i18n bundle that has the key: Unable to compute used schemas: No document
2023-01-16 20:56:30.157 [warning] Using default string since no string found in i18n bundle that has the key: Loading JSON info
2023-01-16 20:56:30.158 [warning] Using default string since no string found in i18n bundle that has the key: No Schema Validation
2023-01-16 20:56:30.158 [warning] Using default string since no string found in i18n bundle that has the key: no JSON schema configured
2023-01-16 20:56:30.158 [warning] Using default string since no string found in i18n bundle that has the key: Show Schemas
2023-01-16 20:56:35.753 [warning] Using default string since no string found in i18n bundle that has the key: Unable to compute used schemas: No document
2023-01-16 20:56:35.754 [warning] Using default string since no string found in i18n bundle that has the key: Loading JSON info
2023-01-16 20:56:35.755 [warning] Using default string since no string found in i18n bundle that has the key: No Schema Validation
2023-01-16 20:56:35.755 [warning] Using default string since no string found in i18n bundle that has the key: no JSON schema configured
2023-01-16 20:56:35.755 [warning] Using default string since no string found in i18n bundle that has the key: Show Schemas
2023-01-16 20:57:45.541 [warning] Using default string since no string found in i18n bundle that has the key: Unable to compute used schemas: No document
2023-01-16 20:57:45.630 [warning] Using default string since no string found in i18n bundle that has the key: Loading JSON info
2023-01-16 20:57:45.660 [warning] Using default string since no string found in i18n bundle that has the key: No Schema Validation
2023-01-16 20:57:45.660 [warning] Using default string since no string found in i18n bundle that has the key: no JSON schema configured
2023-01-16 20:57:45.660 [warning] Using default string since no string found in i18n bundle that has the key: Show Schemas
2023-01-16 20:57:45.699 [info] ExtensionService#_doActivateExtension Angular.ng-template, startup: false, activationEvent: 'onLanguage:typescript'
2023-01-16 20:57:45.699 [info] ExtensionService#_doActivateExtension svelte.svelte-vscode, startup: false, activationEvent: 'onLanguage:typescript'
2023-01-16 20:57:47.552 [warning] Using default string since no string found in i18n bundle that has the key: Unable to compute used schemas: No document
2023-01-16 20:57:47.553 [warning] Using default string since no string found in i18n bundle that has the key: Loading JSON info
2023-01-16 20:57:47.557 [warning] Using default string since no string found in i18n bundle that has the key: No Schema Validation
2023-01-16 20:57:47.557 [warning] Using default string since no string found in i18n bundle that has the key: no JSON schema configured
2023-01-16 20:57:47.557 [warning] Using default string since no string found in i18n bundle that has the key: Show Schemas
2023-01-16 20:57:49.350 [warning] Using default string since no string found in i18n bundle that has the key: Unable to compute used schemas: No document
2023-01-16 20:57:49.414 [warning] Using default string since no string found in i18n bundle that has the key: Loading JSON info
2023-01-16 20:57:49.419 [warning] Using default string since no string found in i18n bundle that has the key: No Schema Validation
2023-01-16 20:57:49.419 [warning] Using default string since no string found in i18n bundle that has the key: no JSON schema configured
2023-01-16 20:57:49.419 [warning] Using default string since no string found in i18n bundle that has the key: Show Schemas
2023-01-16 20:57:50.776 [warning] Using default string since no string found in i18n bundle that has the key: Unable to compute used schemas: No document
2023-01-16 20:57:50.777 [warning] Using default string since no string found in i18n bundle that has the key: Loading JSON info
2023-01-16 20:57:50.780 [warning] Using default string since no string found in i18n bundle that has the key: No Schema Validation
2023-01-16 20:57:50.780 [warning] Using default string since no string found in i18n bundle that has the key: no JSON schema configured
2023-01-16 20:57:50.780 [warning] Using default string since no string found in i18n bundle that has the key: Show Schemas
2023-01-16 20:57:51.387 [warning] Using default string since no string found in i18n bundle that has the key: Unable to compute used schemas: No document
2023-01-16 20:57:51.388 [warning] Using default string since no string found in i18n bundle that has the key: Loading JSON info
2023-01-16 20:57:51.391 [warning] Using default string since no string found in i18n bundle that has the key: No Schema Validation
2023-01-16 20:57:51.391 [warning] Using default string since no string found in i18n bundle that has the key: no JSON schema configured
2023-01-16 20:57:51.391 [warning] Using default string since no string found in i18n bundle that has the key: Show Schemas
2023-01-16 21:06:21.736 [info] Extension host terminating: received terminate message from renderer
2023-01-16 21:06:21.799 [info] Extension host with pid 1848043 exiting with code 0
