2023-02-03 22:24:19.510 [info] Protokolliergrad: Info
2023-02-03 22:24:19.510 [info] Gefundenes Git wird überprüft in: "git"
2023-02-03 22:24:19.510 [info] Git "2.39.0" von "git" verwenden
2023-02-03 22:24:19.510 [info] > git rev-parse --show-toplevel [10ms]
2023-02-03 22:24:19.510 [info] fatal: not a git repository (or any of the parent directories): .git
2023-02-03 22:24:19.510 [info] > git rev-parse --show-toplevel [2ms]
2023-02-03 22:24:19.510 [info] > git rev-parse --git-dir --git-common-dir [1ms]
2023-02-03 22:24:19.510 [info] Open repository: /home/ju/Scripts/angtest/material-prod
2023-02-03 22:24:19.510 [info] > git rev-parse --show-toplevel [5ms]
2023-02-03 22:24:19.510 [info] > git config --get commit.template [4ms]
2023-02-03 22:24:19.510 [info] No remotes found in the git config file.
2023-02-03 22:24:19.510 [info] > git rev-parse --git-dir --git-common-dir [6ms]
2023-02-03 22:24:19.510 [info] Open repository: /home/ju/Scripts/angtest/test
2023-02-03 22:24:19.510 [info] > git for-each-ref --format=%(refname)%00%(upstream:short)%00%(objectname)%00%(upstream:track)%00%(upstream:remotename)%00%(upstream:remoteref) refs/heads/master refs/remotes/master [9ms]
2023-02-03 22:24:19.510 [info] > git status -z -uall [6ms]
2023-02-03 22:24:19.510 [info] > git config --get commit.template [11ms]
2023-02-03 22:24:19.510 [info] > git for-each-ref --sort -committerdate --format %(refname) %(objectname) %(*objectname) [2ms]
2023-02-03 22:24:19.510 [info] No remotes found in the git config file.
2023-02-03 22:24:19.510 [info] > git for-each-ref --format=%(refname)%00%(upstream:short)%00%(objectname)%00%(upstream:track)%00%(upstream:remotename)%00%(upstream:remoteref) refs/heads/master refs/remotes/master [5ms]
2023-02-03 22:24:19.510 [info] > git status -z -uall [5ms]
2023-02-03 22:24:19.510 [info] > git config --get commit.template [10ms]
2023-02-03 22:24:19.510 [info] No remotes found in the git config file.
2023-02-03 22:24:19.510 [info] > git for-each-ref --sort -committerdate --format %(refname) %(objectname) %(*objectname) [7ms]
2023-02-03 22:24:19.510 [info] > git for-each-ref --format=%(refname)%00%(upstream:short)%00%(objectname)%00%(upstream:track)%00%(upstream:remotename)%00%(upstream:remoteref) refs/heads/master refs/remotes/master [8ms]
2023-02-03 22:24:19.510 [info] > git status -z -uall [5ms]
2023-02-03 22:24:19.510 [info] > git config --get commit.template [10ms]
2023-02-03 22:24:19.510 [info] No remotes found in the git config file.
2023-02-03 22:24:19.510 [info] > git for-each-ref --sort -committerdate --format %(refname) %(objectname) %(*objectname) [6ms]
2023-02-03 22:24:19.510 [info] > git for-each-ref --format=%(refname)%00%(upstream:short)%00%(objectname)%00%(upstream:track)%00%(upstream:remotename)%00%(upstream:remoteref) refs/heads/master refs/remotes/master [2ms]
2023-02-03 22:24:19.510 [info] > git status -z -uall [15ms]
2023-02-03 22:24:19.510 [info] > git for-each-ref --sort -committerdate --format %(refname) %(objectname) %(*objectname) [10ms]
2023-02-03 22:24:19.571 [info] > git rev-parse --show-toplevel [1ms]
2023-02-03 22:24:19.571 [info] fatal: not a git repository (or any of the parent directories): .git
2023-02-03 22:24:19.653 [info] > git rev-parse --show-toplevel [2ms]
2023-02-03 22:24:19.653 [info] fatal: not a git repository (or any of the parent directories): .git
2023-02-03 22:24:19.836 [info] > git rev-parse --show-toplevel [1ms]
2023-02-03 22:24:19.836 [info] fatal: not a git repository (or any of the parent directories): .git
2023-02-03 22:24:19.998 [info] > git check-ignore -v -z --stdin [6ms]
2023-02-03 22:24:20.000 [info] > git check-ignore -v -z --stdin [3ms]
2023-02-03 22:25:50.186 [info] > git rev-parse --show-toplevel [9ms]
2023-02-03 22:25:50.186 [info] fatal: not a git repository (or any of the parent directories): .git
2023-02-03 22:31:00.059 [info] Protokolliergrad: Info
2023-02-03 22:31:00.059 [info] Gefundenes Git wird überprüft in: "git"
2023-02-03 22:31:00.059 [info] Git "2.39.0" von "git" verwenden
2023-02-03 22:31:00.059 [info] > git rev-parse --show-toplevel [3ms]
2023-02-03 22:31:00.059 [info] fatal: not a git repository (or any of the parent directories): .git
2023-02-03 22:31:00.059 [info] > git rev-parse --show-toplevel [1ms]
2023-02-03 22:31:00.059 [info] > git rev-parse --git-dir --git-common-dir [2ms]
2023-02-03 22:31:00.059 [info] Open repository: /home/ju/Scripts/angtest/material-prod
2023-02-03 22:31:00.059 [info] > git rev-parse --show-toplevel [5ms]
2023-02-03 22:31:00.059 [info] > git config --get commit.template [4ms]
2023-02-03 22:31:00.059 [info] No remotes found in the git config file.
2023-02-03 22:31:00.060 [info] > git rev-parse --git-dir --git-common-dir [5ms]
2023-02-03 22:31:00.060 [info] Open repository: /home/ju/Scripts/angtest/test
2023-02-03 22:31:00.060 [info] > git for-each-ref --format=%(refname)%00%(upstream:short)%00%(objectname)%00%(upstream:track)%00%(upstream:remotename)%00%(upstream:remoteref) refs/heads/master refs/remotes/master [9ms]
2023-02-03 22:31:00.060 [info] > git status -z -uall [9ms]
2023-02-03 22:31:00.060 [info] > git config --get commit.template [16ms]
2023-02-03 22:31:00.060 [info] No remotes found in the git config file.
2023-02-03 22:31:00.060 [info] > git for-each-ref --sort -committerdate --format %(refname) %(objectname) %(*objectname) [6ms]
2023-02-03 22:31:00.060 [info] > git for-each-ref --format=%(refname)%00%(upstream:short)%00%(objectname)%00%(upstream:track)%00%(upstream:remotename)%00%(upstream:remoteref) refs/heads/master refs/remotes/master [9ms]
2023-02-03 22:31:00.060 [info] > git config --get commit.template [15ms]
2023-02-03 22:31:00.060 [info] > git for-each-ref --sort -committerdate --format %(refname) %(objectname) %(*objectname) [1ms]
2023-02-03 22:31:00.060 [info] No remotes found in the git config file.
2023-02-03 22:31:00.060 [info] > git status -z -uall [13ms]
2023-02-03 22:31:00.060 [info] > git for-each-ref --format=%(refname)%00%(upstream:short)%00%(objectname)%00%(upstream:track)%00%(upstream:remotename)%00%(upstream:remoteref) refs/heads/master refs/remotes/master [12ms]
2023-02-03 22:31:00.060 [info] > git status -z -uall [40ms]
2023-02-03 22:31:00.060 [info] > git for-each-ref --sort -committerdate --format %(refname) %(objectname) %(*objectname) [30ms]
2023-02-03 22:31:00.060 [info] > git config --get commit.template [50ms]
2023-02-03 22:31:00.060 [info] No remotes found in the git config file.
2023-02-03 22:31:00.060 [info] > git for-each-ref --format=%(refname)%00%(upstream:short)%00%(objectname)%00%(upstream:track)%00%(upstream:remotename)%00%(upstream:remoteref) refs/heads/master refs/remotes/master [22ms]
2023-02-03 22:31:00.072 [info] > git status -z -uall [8ms]
2023-02-03 22:31:00.072 [info] > git for-each-ref --sort -committerdate --format %(refname) %(objectname) %(*objectname) [3ms]
2023-02-03 22:31:00.157 [info] > git rev-parse --show-toplevel [1ms]
2023-02-03 22:31:00.157 [info] fatal: not a git repository (or any of the parent directories): .git
2023-02-03 22:31:00.364 [info] > git rev-parse --show-toplevel [2ms]
2023-02-03 22:31:00.364 [info] fatal: not a git repository (or any of the parent directories): .git
2023-02-03 22:31:05.006 [info] > git check-ignore -v -z --stdin [15ms]
2023-02-03 22:31:05.008 [info] > git check-ignore -v -z --stdin [3ms]
2023-02-03 22:31:07.938 [info] > git show --textconv :src/app/app.component.html [113ms]
2023-02-03 22:31:07.938 [info] > git ls-files --stage -- /home/ju/Scripts/angtest/material-prod/src/app/app.component.html [102ms]
2023-02-03 22:31:07.957 [info] > git cat-file -s 2a0fbf18f85102cf57069c7da940f6a0d4de6101 [2ms]
2023-02-03 22:32:24.628 [info] Protokolliergrad: Info
2023-02-03 22:32:24.628 [info] Gefundenes Git wird überprüft in: "git"
2023-02-03 22:32:24.628 [info] Git "2.39.0" von "git" verwenden
2023-02-03 22:32:24.628 [info] > git rev-parse --show-toplevel [12ms]
2023-02-03 22:32:24.628 [info] fatal: not a git repository (or any of the parent directories): .git
2023-02-03 22:32:24.628 [info] > git rev-parse --show-toplevel [13ms]
2023-02-03 22:32:24.637 [info] > git rev-parse --git-dir --git-common-dir [10ms]
2023-02-03 22:32:24.643 [info] Open repository: /home/ju/Scripts/angtest/material-prod
2023-02-03 22:32:24.686 [info] > git config --get commit.template [2ms]
2023-02-03 22:32:24.686 [info] > git rev-parse --show-toplevel [25ms]
2023-02-03 22:32:24.714 [info] No remotes found in the git config file.
2023-02-03 22:32:24.715 [info] > git rev-parse --git-dir --git-common-dir [21ms]
2023-02-03 22:32:24.718 [info] Open repository: /home/ju/Scripts/angtest/test
2023-02-03 22:32:24.780 [info] > git rev-parse --show-toplevel [47ms]
2023-02-03 22:32:24.780 [info] fatal: not a git repository (or any of the parent directories): .git
2023-02-03 22:32:24.780 [info] > git for-each-ref --format=%(refname)%00%(upstream:short)%00%(objectname)%00%(upstream:track)%00%(upstream:remotename)%00%(upstream:remoteref) refs/heads/master refs/remotes/master [66ms]
2023-02-03 22:32:24.809 [info] > git status -z -uall [13ms]
2023-02-03 22:32:24.810 [info] > git config --get commit.template [31ms]
2023-02-03 22:32:24.852 [info] > git for-each-ref --sort -committerdate --format %(refname) %(objectname) %(*objectname) [47ms]
2023-02-03 22:32:24.891 [info] No remotes found in the git config file.
2023-02-03 22:32:24.904 [info] > git rev-parse --show-toplevel [56ms]
2023-02-03 22:32:24.904 [info] fatal: not a git repository (or any of the parent directories): .git
2023-02-03 22:32:24.906 [info] > git for-each-ref --format=%(refname)%00%(upstream:short)%00%(objectname)%00%(upstream:track)%00%(upstream:remotename)%00%(upstream:remoteref) refs/heads/master refs/remotes/master [15ms]
2023-02-03 22:32:24.939 [info] > git status -z -uall [14ms]
2023-02-03 22:32:24.940 [info] > git config --get commit.template [37ms]
2023-02-03 22:32:24.952 [info] No remotes found in the git config file.
2023-02-03 22:32:24.988 [info] > git for-each-ref --sort -committerdate --format %(refname) %(objectname) %(*objectname) [49ms]
2023-02-03 22:32:25.002 [info] > git for-each-ref --format=%(refname)%00%(upstream:short)%00%(objectname)%00%(upstream:track)%00%(upstream:remotename)%00%(upstream:remoteref) refs/heads/master refs/remotes/master [50ms]
2023-02-03 22:32:25.039 [info] > git status -z -uall [18ms]
2023-02-03 22:32:25.051 [info] > git config --get commit.template [12ms]
2023-02-03 22:32:25.051 [info] > git for-each-ref --sort -committerdate --format %(refname) %(objectname) %(*objectname) [19ms]
2023-02-03 22:32:25.062 [info] No remotes found in the git config file.
2023-02-03 22:32:25.070 [info] > git for-each-ref --format=%(refname)%00%(upstream:short)%00%(objectname)%00%(upstream:track)%00%(upstream:remotename)%00%(upstream:remoteref) refs/heads/master refs/remotes/master [7ms]
2023-02-03 22:32:25.100 [info] > git status -z -uall [13ms]
2023-02-03 22:32:25.104 [info] > git for-each-ref --sort -committerdate --format %(refname) %(objectname) %(*objectname) [5ms]
2023-02-03 22:32:25.297 [info] > git rev-parse --show-toplevel [5ms]
2023-02-03 22:32:25.297 [info] fatal: not a git repository (or any of the parent directories): .git
2023-02-03 22:32:25.333 [info] > git check-ignore -v -z --stdin [11ms]
2023-02-03 22:32:25.337 [info] > git check-ignore -v -z --stdin [5ms]
2023-02-03 22:32:25.503 [info] > git show --textconv :src/app/app.component.html [35ms]
2023-02-03 22:32:25.531 [info] > git ls-files --stage -- /home/ju/Scripts/angtest/material-prod/src/app/app.component.html [29ms]
2023-02-03 22:32:25.554 [info] > git rev-parse --show-toplevel [22ms]
2023-02-03 22:32:25.554 [info] fatal: not a git repository (or any of the parent directories): .git
2023-02-03 22:32:25.563 [info] > git cat-file -s 2a0fbf18f85102cf57069c7da940f6a0d4de6101 [12ms]
2023-02-03 22:34:25.660 [warning] ENOENT: no such file or directory, open '/home/ju/Scripts/angtest/material-prod/.git/HEAD'
2023-02-03 22:34:25.675 [warning] getRemotes() - ENOENT: no such file or directory, open '/home/ju/Scripts/angtest/material-prod/.git/config'
2023-02-03 22:34:25.689 [warning] ENOENT: no such file or directory, open '/home/ju/Scripts/angtest/material-prod/.git/HEAD'
2023-02-03 22:34:25.699 [warning] getRemotes() - ENOENT: no such file or directory, open '/home/ju/Scripts/angtest/material-prod/.git/config'
2023-02-03 22:34:26.294 [info] > git check-ignore -v -z --stdin [0ms]
2023-02-03 22:34:26.900 [info] > git check-ignore -v -z --stdin [2ms]
2023-02-03 22:34:31.814 [warning] ENOENT: no such file or directory, open '/home/ju/Scripts/angtest/test/.git/HEAD'
2023-02-03 22:34:31.824 [warning] getRemotes() - ENOENT: no such file or directory, open '/home/ju/Scripts/angtest/test/.git/config'
2023-02-03 22:34:31.836 [warning] ENOENT: no such file or directory, open '/home/ju/Scripts/angtest/test/.git/HEAD'
2023-02-03 22:34:31.846 [warning] getRemotes() - ENOENT: no such file or directory, open '/home/ju/Scripts/angtest/test/.git/config'
