2023-01-19 20:24:10.433 [info] Extension host with pid 2146935 started
2023-01-19 20:24:10.433 [info] Skipping acquiring lock for /home/ju/.config/Code/User/workspaceStorage/18a029b96a749a49f452efe9bcd18f2d.
2023-01-19 20:24:10.639 [info] ExtensionService#_doActivateExtension batisteo.vscode-django, startup: false, activationEvent: 'onLanguage:python'
2023-01-19 20:24:10.640 [info] ExtensionService#_doActivateExtension ms-python.python, startup: false, activationEvent: 'onLanguage:python', root cause: ms-python.isort
2023-01-19 20:24:10.640 [info] ExtensionService#_doActivateExtension ms-toolsai.jupyter, startup: false, activationEvent: 'onLanguage:python'
2023-01-19 20:24:10.640 [info] ExtensionService#_doActivateExtension vscode.microsoft-authentication, startup: false, activationEvent: 'onAuthenticationRequest:microsoft'
2023-01-19 20:24:10.640 [info] ExtensionService#_doActivateExtension vscode.git-base, startup: true, activationEvent: '*', root cause: vscode.git
2023-01-19 20:24:10.640 [info] ExtensionService#_doActivateExtension ecmel.vscode-html-css, startup: true, activationEvent: '*'
2023-01-19 20:24:12.197 [info] ExtensionService#_doActivateExtension ms-toolsai.jupyter-renderers, startup: false, activationEvent: 'api', root cause: ms-toolsai.jupyter
2023-01-19 20:24:12.552 [info] ExtensionService#_doActivateExtension vscode.git, startup: true, activationEvent: '*'
2023-01-19 20:24:12.552 [info] ExtensionService#_doActivateExtension vscode.github, startup: true, activationEvent: '*'
2023-01-19 20:24:12.553 [info] ExtensionService#_doActivateExtension ms-python.isort, startup: false, activationEvent: 'onLanguage:python'
2023-01-19 20:24:12.553 [info] ExtensionService#_doActivateExtension ms-python.vscode-pylance, startup: false, activationEvent: 'onLanguage:python'
2023-01-19 20:24:12.763 [info] ExtensionService#_doActivateExtension vscode.github-authentication, startup: false, activationEvent: 'onAuthenticationRequest:github'
2023-01-19 20:24:12.908 [info] Eager extensions activated
2023-01-19 20:24:13.153 [info] ExtensionService#_doActivateExtension vscode.debug-auto-launch, startup: false, activationEvent: 'onStartupFinished'
2023-01-19 20:24:13.153 [info] ExtensionService#_doActivateExtension vscode.emmet, startup: false, activationEvent: 'onStartupFinished'
2023-01-19 20:24:13.153 [info] ExtensionService#_doActivateExtension vscode.merge-conflict, startup: false, activationEvent: 'onStartupFinished'
2023-01-19 20:52:13.340 [info] ExtensionService#_doActivateExtension alexcvzz.vscode-sqlite, startup: false, activationEvent: 'onLanguage:db'
2023-01-19 20:52:52.674 [error] [ms-python.python] provider FAILED
2023-01-19 20:52:52.674 [error] Error: name must not be falsy
	at l.validate (/opt/visual-studio-code/resources/app/out/vs/workbench/api/node/extensionHostProcess.js:92:26329)
	at new l (/opt/visual-studio-code/resources/app/out/vs/workbench/api/node/extensionHostProcess.js:92:26624)
	at $ (/home/ju/.vscode/extensions/ms-python.python-2022.20.2/out/client/extension.js:2:2114999)
	at c (/home/ju/.vscode/extensions/ms-python.python-2022.20.2/out/client/extension.js:2:2152184)
	at t.map (/home/ju/.vscode/extensions/ms-python.python-2022.20.2/out/client/extension.js:2:2152270)
	at Object.asDocumentSymbols (/home/ju/.vscode/extensions/ms-python.python-2022.20.2/out/client/extension.js:2:2122817)
	at /home/ju/.vscode/extensions/ms-python.python-2022.20.2/out/client/extension.js:2:2061362
	at async s.provideDocumentSymbols (/opt/visual-studio-code/resources/app/out/vs/workbench/api/node/extensionHostProcess.js:96:32412)
2023-01-19 20:52:53.185 [error] [ms-python.python] provider FAILED
2023-01-19 20:52:53.185 [error] Error: name must not be falsy
	at l.validate (/opt/visual-studio-code/resources/app/out/vs/workbench/api/node/extensionHostProcess.js:92:26329)
	at new l (/opt/visual-studio-code/resources/app/out/vs/workbench/api/node/extensionHostProcess.js:92:26624)
	at $ (/home/ju/.vscode/extensions/ms-python.python-2022.20.2/out/client/extension.js:2:2114999)
	at c (/home/ju/.vscode/extensions/ms-python.python-2022.20.2/out/client/extension.js:2:2152184)
	at t.map (/home/ju/.vscode/extensions/ms-python.python-2022.20.2/out/client/extension.js:2:2152270)
	at Object.asDocumentSymbols (/home/ju/.vscode/extensions/ms-python.python-2022.20.2/out/client/extension.js:2:2122817)
	at /home/ju/.vscode/extensions/ms-python.python-2022.20.2/out/client/extension.js:2:2061362
	at async s.provideDocumentSymbols (/opt/visual-studio-code/resources/app/out/vs/workbench/api/node/extensionHostProcess.js:96:32412)
2023-01-19 20:55:39.048 [info] ExtensionService#_doActivateExtension vscode.typescript-language-features, startup: false, activationEvent: 'onLanguage:typescript'
2023-01-19 20:55:39.048 [info] ExtensionService#_doActivateExtension Angular.ng-template, startup: false, activationEvent: 'onLanguage:typescript'
2023-01-19 20:55:39.049 [info] ExtensionService#_doActivateExtension svelte.svelte-vscode, startup: false, activationEvent: 'onLanguage:typescript'
2023-01-19 21:05:39.056 [info] Extension host terminating: received terminate message from renderer
2023-01-19 21:05:39.143 [info] Extension host with pid 2146935 exiting with code 0
