2022-12-25 11:28:20.978 [info] Protokolliergrad: Info
2022-12-25 11:28:20.978 [info] Gefundenes Git wird überprüft in: "git"
2022-12-25 11:28:20.978 [info] Git "2.39.0" von "git" verwenden
2022-12-25 11:28:20.978 [info] > git rev-parse --show-toplevel [23ms]
2022-12-25 11:28:20.978 [info] fatal: not a git repository (or any of the parent directories): .git
2022-12-25 11:28:21.043 [info] > git rev-parse --show-toplevel [65ms]
2022-12-25 11:28:21.043 [info] fatal: not a git repository (or any of the parent directories): .git
2022-12-25 12:21:24.135 [info] > git rev-parse --show-toplevel [3ms]
2022-12-25 12:21:24.135 [info] fatal: not a git repository (or any of the parent directories): .git
2022-12-25 15:15:56.510 [info] > git rev-parse --show-toplevel [3ms]
2022-12-25 15:15:56.510 [info] fatal: not a git repository (or any of the parent directories): .git
2022-12-25 15:15:59.018 [info] > git rev-parse --show-toplevel [14ms]
2022-12-25 15:15:59.018 [info] fatal: not a git repository (or any of the parent directories): .git
2022-12-25 15:27:49.308 [info] > git rev-parse --show-toplevel [1ms]
2022-12-25 15:27:49.308 [info] fatal: not a git repository (or any of the parent directories): .git
2022-12-25 16:44:22.099 [info] > git rev-parse --show-toplevel [281ms]
2022-12-25 16:44:22.100 [info] fatal: not a git repository (or any of the parent directories): .git
2022-12-25 16:44:37.712 [info] > git rev-parse --show-toplevel [0ms]
2022-12-25 16:44:37.712 [info] fatal: not a git repository (or any of the parent directories): .git
2022-12-25 18:39:21.472 [info] > git rev-parse --show-toplevel [1ms]
2022-12-25 18:39:21.472 [info] fatal: not a git repository (or any of the parent directories): .git
2022-12-25 18:39:23.713 [info] > git rev-parse --show-toplevel [15ms]
2022-12-25 18:39:23.713 [info] fatal: not a git repository (or any of the parent directories): .git
2022-12-25 18:40:56.090 [info] > git rev-parse --show-toplevel [3ms]
2022-12-25 18:40:56.090 [info] fatal: not a git repository (or any of the parent directories): .git
2022-12-25 18:40:57.541 [info] > git rev-parse --show-toplevel [3ms]
2022-12-25 18:40:57.541 [info] fatal: not a git repository (or any of the parent directories): .git
2022-12-25 18:42:02.686 [info] > git rev-parse --show-toplevel [3ms]
2022-12-25 18:42:02.686 [info] fatal: not a git repository (or any of the parent directories): .git
2022-12-25 18:42:04.415 [info] > git rev-parse --show-toplevel [3ms]
2022-12-25 18:42:04.415 [info] fatal: not a git repository (or any of the parent directories): .git
2022-12-25 18:42:47.781 [info] > git rev-parse --show-toplevel [4ms]
2022-12-25 18:42:47.781 [info] fatal: not a git repository (or any of the parent directories): .git
2022-12-25 18:42:49.370 [info] > git rev-parse --show-toplevel [5ms]
2022-12-25 18:42:49.370 [info] fatal: not a git repository (or any of the parent directories): .git
2022-12-25 18:44:24.544 [info] > git rev-parse --show-toplevel [2ms]
2022-12-25 18:44:24.544 [info] fatal: not a git repository (or any of the parent directories): .git
2022-12-25 18:44:25.417 [info] > git rev-parse --show-toplevel [1ms]
2022-12-25 18:44:25.417 [info] fatal: not a git repository (or any of the parent directories): .git
2022-12-25 19:02:22.231 [info] > git rev-parse --show-toplevel [24ms]
2022-12-25 19:02:22.231 [info] fatal: not a git repository (or any of the parent directories): .git
2022-12-25 19:02:30.131 [info] > git rev-parse --show-toplevel [2ms]
2022-12-25 19:02:30.131 [info] fatal: not a git repository (or any of the parent directories): .git
2022-12-25 19:02:35.533 [info] > git rev-parse --show-toplevel [29ms]
2022-12-25 19:02:35.533 [info] fatal: not a git repository (or any of the parent directories): .git
2022-12-25 19:02:41.998 [info] > git rev-parse --show-toplevel [3ms]
2022-12-25 19:02:41.998 [info] fatal: not a git repository (or any of the parent directories): .git
2022-12-25 19:06:44.025 [info] > git rev-parse --show-toplevel [12ms]
2022-12-25 19:06:44.025 [info] fatal: not a git repository (or any of the parent directories): .git
2022-12-25 19:06:46.006 [info] > git rev-parse --show-toplevel [5ms]
2022-12-25 19:06:46.006 [info] fatal: not a git repository (or any of the parent directories): .git
2022-12-25 19:12:17.819 [info] > git rev-parse --show-toplevel [3ms]
2022-12-25 19:12:17.819 [info] fatal: not a git repository (or any of the parent directories): .git
2022-12-25 19:12:19.455 [info] > git rev-parse --show-toplevel [4ms]
2022-12-25 19:12:19.455 [info] fatal: not a git repository (or any of the parent directories): .git
2022-12-25 19:18:23.003 [info] > git rev-parse --show-toplevel [15ms]
2022-12-25 19:18:23.004 [info] fatal: not a git repository (or any of the parent directories): .git
2022-12-25 19:18:27.029 [info] > git rev-parse --show-toplevel [21ms]
2022-12-25 19:18:27.029 [info] fatal: not a git repository (or any of the parent directories): .git
2022-12-25 19:18:27.820 [info] > git rev-parse --show-toplevel [2ms]
2022-12-25 19:18:27.820 [info] fatal: not a git repository (or any of the parent directories): .git
2022-12-25 19:18:44.856 [info] > git rev-parse --show-toplevel [7ms]
2022-12-25 19:18:44.856 [info] fatal: not a git repository (or any of the parent directories): .git
2022-12-25 19:40:41.938 [info] > git rev-parse --show-toplevel [2ms]
2022-12-25 19:40:41.938 [info] fatal: not a git repository (or any of the parent directories): .git
2022-12-25 19:40:49.582 [info] > git rev-parse --show-toplevel [54ms]
2022-12-25 19:40:49.582 [info] fatal: not a git repository (or any of the parent directories): .git
2022-12-25 19:40:50.511 [info] > git rev-parse --show-toplevel [12ms]
2022-12-25 19:40:50.511 [info] fatal: not a git repository (or any of the parent directories): .git
2022-12-25 19:40:57.319 [info] > git rev-parse --show-toplevel [18ms]
2022-12-25 19:40:57.319 [info] fatal: not a git repository (or any of the parent directories): .git
2022-12-25 19:40:58.189 [info] > git rev-parse --show-toplevel [3ms]
2022-12-25 19:40:58.189 [info] fatal: not a git repository (or any of the parent directories): .git
2022-12-25 19:40:58.829 [info] > git rev-parse --show-toplevel [3ms]
2022-12-25 19:40:58.829 [info] fatal: not a git repository (or any of the parent directories): .git
2022-12-25 19:41:03.082 [info] > git rev-parse --show-toplevel [2ms]
2022-12-25 19:41:03.082 [info] fatal: not a git repository (or any of the parent directories): .git
