2022-12-27 21:23:19.697 [info] [perf] Render performance baseline is 24ms
2022-12-27 21:23:32.489 [info] [perf] Render performance baseline is 25ms
2022-12-27 21:23:41.261 [error] Request textDocument/foldingRange failed with message: index is out of range: Error: Request textDocument/foldingRange failed with message: index is out of range
	at /home/ju/.vscode/extensions/ms-python.python-2022.20.1/out/client/extension.js:2:1948854
	at /home/ju/.vscode/extensions/ms-python.python-2022.20.1/out/client/extension.js:2:1949148
	at Immediate.<anonymous> (/home/ju/.vscode/extensions/ms-python.python-2022.20.1/out/client/extension.js:2:1949510)
	at process.processImmediate (node:internal/timers:466:21)
2022-12-27 21:23:42.495 [error] Request textDocument/foldingRange failed with message: index is out of range: Error: Request textDocument/foldingRange failed with message: index is out of range
	at /home/ju/.vscode/extensions/ms-python.python-2022.20.1/out/client/extension.js:2:1948854
	at /home/ju/.vscode/extensions/ms-python.python-2022.20.1/out/client/extension.js:2:1949148
	at Immediate.<anonymous> (/home/ju/.vscode/extensions/ms-python.python-2022.20.1/out/client/extension.js:2:1949510)
	at process.processImmediate (node:internal/timers:466:21)
2022-12-27 21:23:44.600 [error] Request textDocument/foldingRange failed with message: index is out of range: Error: Request textDocument/foldingRange failed with message: index is out of range
	at /home/ju/.vscode/extensions/ms-python.python-2022.20.1/out/client/extension.js:2:1948854
	at /home/ju/.vscode/extensions/ms-python.python-2022.20.1/out/client/extension.js:2:1949148
	at Immediate.<anonymous> (/home/ju/.vscode/extensions/ms-python.python-2022.20.1/out/client/extension.js:2:1949510)
	at process.processImmediate (node:internal/timers:466:21)
2022-12-27 21:23:45.792 [error] Request textDocument/foldingRange failed with message: index is out of range: Error: Request textDocument/foldingRange failed with message: index is out of range
	at /home/ju/.vscode/extensions/ms-python.python-2022.20.1/out/client/extension.js:2:1948854
	at /home/ju/.vscode/extensions/ms-python.python-2022.20.1/out/client/extension.js:2:1949148
	at Immediate.<anonymous> (/home/ju/.vscode/extensions/ms-python.python-2022.20.1/out/client/extension.js:2:1949510)
	at process.processImmediate (node:internal/timers:466:21)
2022-12-27 21:23:47.071 [error] Request textDocument/foldingRange failed with message: index is out of range: Error: Request textDocument/foldingRange failed with message: index is out of range
	at /home/ju/.vscode/extensions/ms-python.python-2022.20.1/out/client/extension.js:2:1948854
	at /home/ju/.vscode/extensions/ms-python.python-2022.20.1/out/client/extension.js:2:1949148
	at Immediate.<anonymous> (/home/ju/.vscode/extensions/ms-python.python-2022.20.1/out/client/extension.js:2:1949510)
	at process.processImmediate (node:internal/timers:466:21)
2022-12-27 21:23:48.246 [error] Request textDocument/foldingRange failed with message: index is out of range: Error: Request textDocument/foldingRange failed with message: index is out of range
	at /home/ju/.vscode/extensions/ms-python.python-2022.20.1/out/client/extension.js:2:1948854
	at /home/ju/.vscode/extensions/ms-python.python-2022.20.1/out/client/extension.js:2:1949148
	at Immediate.<anonymous> (/home/ju/.vscode/extensions/ms-python.python-2022.20.1/out/client/extension.js:2:1949510)
	at process.processImmediate (node:internal/timers:466:21)
2022-12-27 21:23:49.440 [error] Request textDocument/foldingRange failed with message: index is out of range: Error: Request textDocument/foldingRange failed with message: index is out of range
	at /home/ju/.vscode/extensions/ms-python.python-2022.20.1/out/client/extension.js:2:1948854
	at /home/ju/.vscode/extensions/ms-python.python-2022.20.1/out/client/extension.js:2:1949148
	at Immediate.<anonymous> (/home/ju/.vscode/extensions/ms-python.python-2022.20.1/out/client/extension.js:2:1949510)
	at process.processImmediate (node:internal/timers:466:21)
2022-12-27 21:23:50.459 [error] Request textDocument/foldingRange failed with message: index is out of range: Error: Request textDocument/foldingRange failed with message: index is out of range
	at /home/ju/.vscode/extensions/ms-python.python-2022.20.1/out/client/extension.js:2:1948854
	at /home/ju/.vscode/extensions/ms-python.python-2022.20.1/out/client/extension.js:2:1949148
	at Immediate.<anonymous> (/home/ju/.vscode/extensions/ms-python.python-2022.20.1/out/client/extension.js:2:1949510)
	at process.processImmediate (node:internal/timers:466:21)
2022-12-27 21:23:53.591 [error] Request textDocument/foldingRange failed with message: index is out of range: Error: Request textDocument/foldingRange failed with message: index is out of range
	at /home/ju/.vscode/extensions/ms-python.python-2022.20.1/out/client/extension.js:2:1948854
	at /home/ju/.vscode/extensions/ms-python.python-2022.20.1/out/client/extension.js:2:1949148
	at Immediate.<anonymous> (/home/ju/.vscode/extensions/ms-python.python-2022.20.1/out/client/extension.js:2:1949510)
	at process.processImmediate (node:internal/timers:466:21)
2022-12-27 21:23:56.965 [error] Request textDocument/foldingRange failed with message: index is out of range: Error: Request textDocument/foldingRange failed with message: index is out of range
	at /home/ju/.vscode/extensions/ms-python.python-2022.20.1/out/client/extension.js:2:1948854
	at /home/ju/.vscode/extensions/ms-python.python-2022.20.1/out/client/extension.js:2:1949148
	at Immediate.<anonymous> (/home/ju/.vscode/extensions/ms-python.python-2022.20.1/out/client/extension.js:2:1949510)
	at process.processImmediate (node:internal/timers:466:21)
2022-12-27 21:23:58.950 [error] Request textDocument/foldingRange failed with message: index is out of range: Error: Request textDocument/foldingRange failed with message: index is out of range
	at /home/ju/.vscode/extensions/ms-python.python-2022.20.1/out/client/extension.js:2:1948854
	at /home/ju/.vscode/extensions/ms-python.python-2022.20.1/out/client/extension.js:2:1949148
	at Immediate.<anonymous> (/home/ju/.vscode/extensions/ms-python.python-2022.20.1/out/client/extension.js:2:1949510)
	at process.processImmediate (node:internal/timers:466:21)
2022-12-27 21:24:17.742 [error] Request textDocument/foldingRange failed with message: index is out of range: Error: Request textDocument/foldingRange failed with message: index is out of range
	at /home/ju/.vscode/extensions/ms-python.python-2022.20.1/out/client/extension.js:2:1948854
	at /home/ju/.vscode/extensions/ms-python.python-2022.20.1/out/client/extension.js:2:1949148
	at Immediate.<anonymous> (/home/ju/.vscode/extensions/ms-python.python-2022.20.1/out/client/extension.js:2:1949510)
	at process.processImmediate (node:internal/timers:466:21)
2022-12-27 21:24:18.790 [error] Request textDocument/foldingRange failed with message: index is out of range: Error: Request textDocument/foldingRange failed with message: index is out of range
	at /home/ju/.vscode/extensions/ms-python.python-2022.20.1/out/client/extension.js:2:1948854
	at /home/ju/.vscode/extensions/ms-python.python-2022.20.1/out/client/extension.js:2:1949148
	at Immediate.<anonymous> (/home/ju/.vscode/extensions/ms-python.python-2022.20.1/out/client/extension.js:2:1949510)
	at process.processImmediate (node:internal/timers:466:21)
2022-12-27 21:24:22.943 [error] Request textDocument/foldingRange failed with message: index is out of range: Error: Request textDocument/foldingRange failed with message: index is out of range
	at /home/ju/.vscode/extensions/ms-python.python-2022.20.1/out/client/extension.js:2:1948854
	at /home/ju/.vscode/extensions/ms-python.python-2022.20.1/out/client/extension.js:2:1949148
	at Immediate.<anonymous> (/home/ju/.vscode/extensions/ms-python.python-2022.20.1/out/client/extension.js:2:1949510)
	at process.processImmediate (node:internal/timers:466:21)
2022-12-27 21:24:24.366 [error] Request textDocument/foldingRange failed with message: index is out of range: Error: Request textDocument/foldingRange failed with message: index is out of range
	at /home/ju/.vscode/extensions/ms-python.python-2022.20.1/out/client/extension.js:2:1948854
	at /home/ju/.vscode/extensions/ms-python.python-2022.20.1/out/client/extension.js:2:1949148
	at Immediate.<anonymous> (/home/ju/.vscode/extensions/ms-python.python-2022.20.1/out/client/extension.js:2:1949510)
	at process.processImmediate (node:internal/timers:466:21)
