2022-12-27 21:23:16.928 [info] Added views:workbench.panel.markers.view in workbench.panel.markers
2022-12-27 21:23:16.928 [info] Added views:workbench.panel.output in workbench.panel.output
2022-12-27 21:23:16.928 [info] Added views:terminal in terminal
2022-12-27 21:23:16.928 [info] Added views:outline in workbench.view.explorer
2022-12-27 21:23:16.928 [info] Added views:workbench.scm in workbench.view.scm
2022-12-27 21:23:16.928 [info] Added views:workbench.view.search in workbench.view.search
2022-12-27 21:23:16.928 [info] Added views:timeline in workbench.view.explorer
2022-12-27 21:23:16.928 [info] Added views:workbench.explorer.emptyView in workbench.view.explorer
2022-12-27 21:23:16.928 [info] Added views:workbench.debug.variablesView,workbench.debug.watchExpressionsView,workbench.debug.callStackView,workbench.debug.breakPointsView in workbench.view.debug
2022-12-27 21:23:17.375 [info] Added views:cell-tag in workbench.view.extension.jupyter
2022-12-27 21:23:17.850 [info] Added views:workbench.panel.repl.view in workbench.panel.repl
2022-12-27 21:23:17.852 [info] Removed views:workbench.debug.breakPointsView,workbench.debug.callStackView,workbench.debug.watchExpressionsView,workbench.debug.variablesView from workbench.view.debug
2022-12-27 21:23:17.853 [info] Added views:workbench.debug.welcome in workbench.view.debug
2022-12-27 21:23:29.732 [info] Added views:workbench.panel.markers.view in workbench.panel.markers
2022-12-27 21:23:29.732 [info] Added views:workbench.panel.output in workbench.panel.output
2022-12-27 21:23:29.732 [info] Added views:terminal in terminal
2022-12-27 21:23:29.732 [info] Added views:outline in workbench.view.explorer
2022-12-27 21:23:29.732 [info] Added views:workbench.scm in workbench.view.scm
2022-12-27 21:23:29.732 [info] Added views:workbench.view.search in workbench.view.search
2022-12-27 21:23:29.732 [info] Added views:timeline in workbench.view.explorer
2022-12-27 21:23:29.732 [info] Added views:workbench.explorer.fileView in workbench.view.explorer
2022-12-27 21:23:29.732 [info] Added views:workbench.debug.variablesView,workbench.debug.watchExpressionsView,workbench.debug.callStackView,workbench.debug.breakPointsView in workbench.view.debug
2022-12-27 21:23:30.153 [info] Added views:cell-tag in workbench.view.extension.jupyter
2022-12-27 21:23:30.560 [info] Added views:workbench.panel.repl.view in workbench.panel.repl
2022-12-27 21:23:30.561 [info] Removed views:workbench.debug.breakPointsView,workbench.debug.callStackView,workbench.debug.watchExpressionsView,workbench.debug.variablesView from workbench.view.debug
2022-12-27 21:23:30.562 [info] Added views:workbench.debug.welcome in workbench.view.debug
2022-12-27 21:23:35.920 [info] Added views:workbench.view.testing in workbench.view.extension.test
2022-12-27 22:13:02.575 [info] Removed views:workbench.view.testing from workbench.view.extension.test
