2023-02-03 22:20:59.341 [info] Added views:workbench.panel.markers.view in workbench.panel.markers
2023-02-03 22:20:59.342 [info] Added views:workbench.panel.output in workbench.panel.output
2023-02-03 22:20:59.342 [info] Added views:terminal in terminal
2023-02-03 22:20:59.342 [info] Added views:outline in workbench.view.explorer
2023-02-03 22:20:59.342 [info] Added views:workbench.scm in workbench.view.scm
2023-02-03 22:20:59.342 [info] Added views:workbench.view.search in workbench.view.search
2023-02-03 22:20:59.342 [info] Added views:timeline in workbench.view.explorer
2023-02-03 22:20:59.342 [info] Added views:workbench.explorer.fileView in workbench.view.explorer
2023-02-03 22:20:59.446 [info] Added views:workbench.debug.welcome in workbench.view.debug
2023-02-03 22:21:00.135 [info] Added views:cell-tag in workbench.view.extension.jupyter
2023-02-03 22:21:00.423 [info] Added views:workbench.panel.repl.view in workbench.panel.repl
2023-02-03 22:22:00.873 [info] Added views:workbench.views.extensions.installed,workbench.views.extensions.popular,extensions.recommendedList in workbench.view.extensions
2023-02-03 22:22:00.876 [info] Removed views:workbench.views.extensions.popular from workbench.view.extensions
2023-02-03 22:22:01.422 [info] Removed views:extensions.recommendedList,workbench.views.extensions.installed from workbench.view.extensions
2023-02-03 22:22:01.454 [info] Added views:workbench.views.extensions.marketplace in workbench.view.extensions
2023-02-03 22:22:03.176 [info] Added views:remoteDevice in workbench.view.debug
2023-02-03 22:22:12.424 [info] Removed views:remoteDevice from workbench.view.debug
2023-02-03 22:22:18.764 [info] Removed views:workbench.views.extensions.marketplace from workbench.view.extensions
2023-02-03 22:22:18.771 [info] Added views:workbench.views.extensions.installed,extensions.recommendedList in workbench.view.extensions
2023-02-03 22:22:28.321 [info] Added views:workbench.panel.markers.view in workbench.panel.markers
2023-02-03 22:22:28.321 [info] Added views:workbench.panel.output in workbench.panel.output
2023-02-03 22:22:28.321 [info] Added views:terminal in terminal
2023-02-03 22:22:28.321 [info] Added views:outline in workbench.view.explorer
2023-02-03 22:22:28.321 [info] Added views:workbench.scm in workbench.view.scm
2023-02-03 22:22:28.321 [info] Added views:workbench.view.search in workbench.view.search
2023-02-03 22:22:28.321 [info] Added views:timeline in workbench.view.explorer
2023-02-03 22:22:28.321 [info] Added views:workbench.explorer.fileView in workbench.view.explorer
2023-02-03 22:22:28.406 [info] Added views:workbench.debug.welcome in workbench.view.debug
2023-02-03 22:22:28.614 [info] Added views:workbench.views.extensions.installed,extensions.recommendedList in workbench.view.extensions
2023-02-03 22:22:29.153 [info] Added views:cell-tag in workbench.view.extension.jupyter
2023-02-03 22:22:29.379 [info] Added views:workbench.panel.repl.view in workbench.panel.repl
2023-02-03 22:22:58.085 [info] Removed views:cell-tag from workbench.view.extension.jupyter
