2023-02-03 22:21:00.361 [info] Starting worker process with pid 2492801 (type: fileWatcher, window: 1).
2023-02-03 22:21:01.534 [info] Deleted from disk ms-python.vscode-pylance /home/ju/.vscode/extensions/ms-python.vscode-pylance-2023.1.40
2023-02-03 22:21:03.786 [info] Getting Manifest... ms-ceintl.vscode-language-pack-de
2023-02-03 22:21:03.786 [info] Getting Manifest... ms-python.python
2023-02-03 22:21:03.787 [info] Getting Manifest... ms-toolsai.jupyter
2023-02-03 22:21:04.073 [info] Installing extension: ms-toolsai.jupyter
2023-02-03 22:21:04.082 [info] Installing extension: ms-python.python
2023-02-03 22:21:04.087 [info] Installing extension: ms-ceintl.vscode-language-pack-de
2023-02-03 22:21:06.410 [warning] Extension signature verification: ms-ceintl.vscode-language-pack-de. Verification status: UnknownError.
2023-02-03 22:21:06.529 [info] Extracted extension to /home/ju/.vscode/extensions/.5040a2d1-7e86-41eb-8b4c-4d38c8728dd4: ms-ceintl.vscode-language-pack-de
2023-02-03 22:21:06.536 [info] Renamed to /home/ju/.vscode/extensions/ms-ceintl.vscode-language-pack-de-1.75.2023020109
2023-02-03 22:21:06.537 [info] Extracting completed. ms-ceintl.vscode-language-pack-de
2023-02-03 22:21:06.546 [info] Adding language packs from the extension ms-ceintl.vscode-language-pack-de
2023-02-03 22:21:06.668 [info] Marked extension as uninstalled ms-ceintl.vscode-language-pack-de-1.74.12140926
2023-02-03 22:21:06.686 [info] Extension installed successfully: ms-ceintl.vscode-language-pack-de
2023-02-03 22:21:06.700 [warning] Extension signature verification: ms-toolsai.jupyter. Verification status: UnknownError.
2023-02-03 22:21:06.723 [warning] Extension signature verification: ms-python.python. Verification status: UnknownError.
2023-02-03 22:21:07.533 [info] Extracted extension to /home/ju/.vscode/extensions/.1349f573-f3a4-458c-988b-af4098d0b0d9: ms-toolsai.jupyter
2023-02-03 22:21:07.540 [info] Renamed to /home/ju/.vscode/extensions/ms-toolsai.jupyter-2023.1.2000312134
2023-02-03 22:21:07.549 [info] Extracting completed. ms-toolsai.jupyter
2023-02-03 22:21:07.563 [info] Extension installed successfully: ms-toolsai.jupyter
2023-02-03 22:21:07.584 [info] Marked extension as uninstalled ms-toolsai.jupyter-2022.11.1003412109
2023-02-03 22:21:08.796 [info] Extracted extension to /home/ju/.vscode/extensions/.5a456340-e000-4492-9ff2-e9366061295b: ms-python.python
2023-02-03 22:21:08.803 [info] Renamed to /home/ju/.vscode/extensions/ms-python.python-2023.2.0
2023-02-03 22:21:08.805 [info] Extracting completed. ms-python.python
2023-02-03 22:21:08.815 [info] Extension installed successfully: ms-python.python
2023-02-03 22:21:08.831 [info] Marked extension as uninstalled ms-python.python-2022.20.2
2023-02-03 22:21:39.917 [error] [uncaught exception in sharedProcess]: Ein Systemfehler ist aufgetreten (ENOENT: no such file or directory, scandir '/home/ju/.config/Code/clp/62020fb84ab5e24b8cb62949f1b2ae70.de').: Error: ENOENT: no such file or directory, scandir '/home/ju/.config/Code/clp/62020fb84ab5e24b8cb62949f1b2ae70.de'
2023-02-03 22:22:01.473 [info] Getting Manifest... lizhizhuanshu.autolua-debugger
2023-02-03 22:22:01.485 [info] Installing extension: lizhizhuanshu.autolua-debugger
2023-02-03 22:22:03.128 [info] Extracted extension to /home/ju/.vscode/extensions/.6fd0ced5-e43b-496b-bfc0-d72885bd8a75: lizhizhuanshu.autolua-debugger
2023-02-03 22:22:03.134 [info] Renamed to /home/ju/.vscode/extensions/lizhizhuanshu.autolua-debugger-0.0.8
2023-02-03 22:22:03.135 [info] Extracting completed. lizhizhuanshu.autolua-debugger
2023-02-03 22:22:03.143 [info] Extension installed successfully: lizhizhuanshu.autolua-debugger
2023-02-03 22:22:12.059 [info] Uninstalling extension from the profile: lizhizhuanshu.autolua-debugger@0.0.8 vscode-userdata:/home/ju/.vscode/extensions/extensions.json
2023-02-03 22:22:12.121 [info] Marked extension as uninstalled lizhizhuanshu.autolua-debugger-0.0.8
2023-02-03 22:22:12.389 [info] Successfully uninstalled extension from the profile lizhizhuanshu.autolua-debugger@0.0.8 vscode-userdata:/home/ju/.vscode/extensions/extensions.json
2023-02-03 22:22:27.749 [info] Worker process with pid 2492801 terminated normally (type: fileWatcher, window: 1).
2023-02-03 22:22:28.366 [info] Starting worker process with pid 2510444 (type: fileWatcher, window: 1).
2023-02-03 22:22:49.178 [info] Uninstalling extension from the profile: ms-toolsai.vscode-jupyter-slideshow@0.1.5 vscode-userdata:/home/ju/.vscode/extensions/extensions.json
2023-02-03 22:22:49.259 [info] Marked extension as uninstalled ms-toolsai.vscode-jupyter-slideshow-0.1.5
2023-02-03 22:22:49.533 [info] Successfully uninstalled extension from the profile ms-toolsai.vscode-jupyter-slideshow@0.1.5 vscode-userdata:/home/ju/.vscode/extensions/extensions.json
2023-02-03 22:22:53.140 [info] Uninstalling extension from the profile: ms-toolsai.jupyter-renderers@1.0.14 vscode-userdata:/home/ju/.vscode/extensions/extensions.json
2023-02-03 22:22:53.180 [info] Marked extension as uninstalled ms-toolsai.jupyter-renderers-1.0.14
2023-02-03 22:22:53.444 [info] Successfully uninstalled extension from the profile ms-toolsai.jupyter-renderers@1.0.14 vscode-userdata:/home/ju/.vscode/extensions/extensions.json
2023-02-03 22:22:55.428 [info] Uninstalling extension from the profile: ms-toolsai.jupyter-keymap@1.0.0 vscode-userdata:/home/ju/.vscode/extensions/extensions.json
2023-02-03 22:22:55.483 [info] Marked extension as uninstalled ms-toolsai.jupyter-keymap-1.0.0
2023-02-03 22:22:55.778 [info] Successfully uninstalled extension from the profile ms-toolsai.jupyter-keymap@1.0.0 vscode-userdata:/home/ju/.vscode/extensions/extensions.json
2023-02-03 22:22:57.772 [info] Uninstalling extension from the profile: ms-toolsai.vscode-jupyter-cell-tags@0.1.6 vscode-userdata:/home/ju/.vscode/extensions/extensions.json
2023-02-03 22:22:57.811 [info] Marked extension as uninstalled ms-toolsai.vscode-jupyter-cell-tags-0.1.6
2023-02-03 22:22:58.072 [info] Successfully uninstalled extension from the profile ms-toolsai.vscode-jupyter-cell-tags@0.1.6 vscode-userdata:/home/ju/.vscode/extensions/extensions.json
2023-02-03 22:23:01.862 [info] Uninstalling extension from the profile: ms-toolsai.jupyter@2023.1.2000312134 vscode-userdata:/home/ju/.vscode/extensions/extensions.json
2023-02-03 22:23:01.943 [info] Marked extension as uninstalled ms-toolsai.jupyter-2023.1.2000312134
2023-02-03 22:23:02.196 [info] Successfully uninstalled extension from the profile ms-toolsai.jupyter@2023.1.2000312134 vscode-userdata:/home/ju/.vscode/extensions/extensions.json
