2022-12-25 00:19:53.738 [info] Extension host with pid 397405 started
2022-12-25 00:19:54.035 [info] ExtensionService#_doActivateExtension vscode.microsoft-authentication, startup: false, activationEvent: 'onAuthenticationRequest:microsoft'
2022-12-25 00:19:54.038 [info] ExtensionService#_doActivateExtension vscode.git-base, startup: true, activationEvent: '*', root cause: vscode.git
2022-12-25 00:19:54.320 [info] ExtensionService#_doActivateExtension vscode.git, startup: true, activationEvent: '*'
2022-12-25 00:19:54.320 [info] ExtensionService#_doActivateExtension vscode.github, startup: true, activationEvent: '*'
2022-12-25 00:19:54.538 [info] Eager extensions activated
2022-12-25 00:19:54.579 [info] ExtensionService#_doActivateExtension vscode.debug-auto-launch, startup: false, activationEvent: 'onStartupFinished'
2022-12-25 00:19:54.580 [info] ExtensionService#_doActivateExtension vscode.emmet, startup: false, activationEvent: 'onStartupFinished'
2022-12-25 00:19:54.580 [info] ExtensionService#_doActivateExtension vscode.merge-conflict, startup: false, activationEvent: 'onStartupFinished'
2022-12-25 00:19:54.701 [info] ExtensionService#_doActivateExtension vscode.github-authentication, startup: false, activationEvent: 'onAuthenticationRequest:github'
2022-12-25 00:20:09.702 [info] Extension host terminating: received terminate message from renderer
2022-12-25 00:20:09.716 [info] Extension host with pid 397405 exiting with code 0
2022-12-25 00:20:11.443 [info] Extension host with pid 400859 started
2022-12-25 00:20:11.444 [info] Skipping acquiring lock for /home/ju/.config/Code/User/workspaceStorage/be05d7291777ff987851e156f3fe0894.
2022-12-25 00:20:11.642 [info] ExtensionService#_doActivateExtension vscode.microsoft-authentication, startup: false, activationEvent: 'onAuthenticationRequest:microsoft'
2022-12-25 00:20:11.642 [info] ExtensionService#_doActivateExtension vscode.git-base, startup: true, activationEvent: '*'
2022-12-25 00:20:11.711 [info] ExtensionService#_doActivateExtension vscode.github, startup: true, activationEvent: '*'
2022-12-25 00:20:11.735 [info] Eager extensions activated
2022-12-25 00:20:11.749 [info] ExtensionService#_doActivateExtension vscode.debug-auto-launch, startup: false, activationEvent: 'onStartupFinished'
2022-12-25 00:20:11.749 [info] ExtensionService#_doActivateExtension vscode.emmet, startup: false, activationEvent: 'onStartupFinished'
2022-12-25 00:20:11.750 [info] ExtensionService#_doActivateExtension vscode.merge-conflict, startup: false, activationEvent: 'onStartupFinished'
2022-12-25 00:20:11.794 [info] ExtensionService#_doActivateExtension vscode.github-authentication, startup: false, activationEvent: 'onAuthenticationRequest:github'
2022-12-25 00:20:13.512 [info] ExtensionService#_doActivateExtension vscode.git, startup: false, activationEvent: 'api', root cause: vscode.github
2022-12-25 00:20:18.874 [info] Extension host terminating: received terminate message from renderer
2022-12-25 00:20:18.889 [info] Extension host with pid 400859 exiting with code 0
